{"/Users/ze0tron/scrimUp/scrimUp-backend/api/controllers/account.js": {"path":"/Users/ze0tron/scrimUp/scrimUp-backend/api/controllers/account.js","statementMap":{"0":{"start":{"line":1,"column":17},"end":{"line":1,"column":36}},"1":{"start":{"line":2,"column":13},"end":{"line":2,"column":38}},"2":{"start":{"line":3,"column":21},"end":{"line":3,"column":53}},"3":{"start":{"line":4,"column":13},"end":{"line":4,"column":38}},"4":{"start":{"line":5,"column":22},"end":{"line":5,"column":56}},"5":{"start":{"line":6,"column":16},"end":{"line":6,"column":42}},"6":{"start":{"line":7,"column":15},"end":{"line":7,"column":32}},"7":{"start":{"line":8,"column":18},"end":{"line":8,"column":47}},"8":{"start":{"line":12,"column":22},"end":{"line":21,"column":1}},"9":{"start":{"line":13,"column":24},"end":{"line":13,"column":26}},"10":{"start":{"line":15,"column":2},"end":{"line":19,"column":3}},"11":{"start":{"line":15,"column":15},"end":{"line":15,"column":16}},"12":{"start":{"line":16,"column":4},"end":{"line":18,"column":5}},"13":{"start":{"line":17,"column":6},"end":{"line":17,"column":26}},"14":{"start":{"line":20,"column":2},"end":{"line":20,"column":25}},"15":{"start":{"line":23,"column":14},"end":{"line":25,"column":1}},"16":{"start":{"line":24,"column":2},"end":{"line":24,"column":39}},"17":{"start":{"line":27,"column":27},"end":{"line":30,"column":1}},"18":{"start":{"line":28,"column":15},"end":{"line":28,"column":37}},"19":{"start":{"line":29,"column":2},"end":{"line":29,"column":51}},"20":{"start":{"line":35,"column":18},"end":{"line":67,"column":1}},"21":{"start":{"line":36,"column":19},"end":{"line":36,"column":36}},"22":{"start":{"line":37,"column":2},"end":{"line":66,"column":21}},"23":{"start":{"line":38,"column":4},"end":{"line":41,"column":5}},"24":{"start":{"line":39,"column":6},"end":{"line":39,"column":23}},"25":{"start":{"line":40,"column":6},"end":{"line":40,"column":23}},"26":{"start":{"line":42,"column":4},"end":{"line":44,"column":5}},"27":{"start":{"line":43,"column":6},"end":{"line":43,"column":28}},"28":{"start":{"line":45,"column":4},"end":{"line":65,"column":7}},"29":{"start":{"line":46,"column":6},"end":{"line":49,"column":7}},"30":{"start":{"line":47,"column":8},"end":{"line":47,"column":25}},"31":{"start":{"line":48,"column":8},"end":{"line":48,"column":25}},"32":{"start":{"line":50,"column":6},"end":{"line":52,"column":7}},"33":{"start":{"line":51,"column":8},"end":{"line":51,"column":65}},"34":{"start":{"line":53,"column":6},"end":{"line":64,"column":7}},"35":{"start":{"line":54,"column":8},"end":{"line":54,"column":33}},"36":{"start":{"line":55,"column":8},"end":{"line":61,"column":11}},"37":{"start":{"line":56,"column":10},"end":{"line":59,"column":11}},"38":{"start":{"line":57,"column":12},"end":{"line":57,"column":29}},"39":{"start":{"line":58,"column":12},"end":{"line":58,"column":80}},"40":{"start":{"line":60,"column":10},"end":{"line":60,"column":70}},"41":{"start":{"line":63,"column":8},"end":{"line":63,"column":68}},"42":{"start":{"line":69,"column":0},"end":{"line":73,"column":3}},"43":{"start":{"line":79,"column":0},"end":{"line":81,"column":3}},"44":{"start":{"line":80,"column":2},"end":{"line":80,"column":22}},"45":{"start":{"line":83,"column":0},"end":{"line":87,"column":3}},"46":{"start":{"line":84,"column":2},"end":{"line":86,"column":5}},"47":{"start":{"line":85,"column":4},"end":{"line":85,"column":20}},"48":{"start":{"line":89,"column":0},"end":{"line":118,"column":2}},"49":{"start":{"line":90,"column":16},"end":{"line":90,"column":30}},"50":{"start":{"line":91,"column":19},"end":{"line":91,"column":36}},"51":{"start":{"line":92,"column":19},"end":{"line":92,"column":36}},"52":{"start":{"line":93,"column":2},"end":{"line":117,"column":5}},"53":{"start":{"line":94,"column":4},"end":{"line":94,"column":23}},"54":{"start":{"line":94,"column":13},"end":{"line":94,"column":23}},"55":{"start":{"line":95,"column":4},"end":{"line":116,"column":5}},"56":{"start":{"line":96,"column":6},"end":{"line":96,"column":71}},"57":{"start":{"line":98,"column":22},"end":{"line":98,"column":32}},"58":{"start":{"line":99,"column":29},"end":{"line":99,"column":49}},"59":{"start":{"line":100,"column":23},"end":{"line":100,"column":43}},"60":{"start":{"line":101,"column":6},"end":{"line":115,"column":9}},"61":{"start":{"line":102,"column":8},"end":{"line":102,"column":32}},"62":{"start":{"line":103,"column":8},"end":{"line":103,"column":30}},"63":{"start":{"line":104,"column":8},"end":{"line":104,"column":40}},"64":{"start":{"line":105,"column":8},"end":{"line":105,"column":36}},"65":{"start":{"line":106,"column":8},"end":{"line":106,"column":63}},"66":{"start":{"line":107,"column":8},"end":{"line":114,"column":11}},"67":{"start":{"line":108,"column":10},"end":{"line":110,"column":11}},"68":{"start":{"line":109,"column":12},"end":{"line":109,"column":29}},"69":{"start":{"line":111,"column":10},"end":{"line":111,"column":73}},"70":{"start":{"line":112,"column":10},"end":{"line":112,"column":36}},"71":{"start":{"line":120,"column":0},"end":{"line":147,"column":2}},"72":{"start":{"line":121,"column":15},"end":{"line":121,"column":23}},"73":{"start":{"line":122,"column":2},"end":{"line":122,"column":22}},"74":{"start":{"line":123,"column":27},"end":{"line":123,"column":52}},"75":{"start":{"line":124,"column":2},"end":{"line":126,"column":3}},"76":{"start":{"line":125,"column":4},"end":{"line":125,"column":60}},"77":{"start":{"line":127,"column":2},"end":{"line":146,"column":5}},"78":{"start":{"line":128,"column":4},"end":{"line":131,"column":5}},"79":{"start":{"line":129,"column":6},"end":{"line":129,"column":23}},"80":{"start":{"line":130,"column":6},"end":{"line":130,"column":63}},"81":{"start":{"line":132,"column":4},"end":{"line":145,"column":5}},"82":{"start":{"line":133,"column":6},"end":{"line":133,"column":27}},"83":{"start":{"line":134,"column":6},"end":{"line":142,"column":9}},"84":{"start":{"line":135,"column":8},"end":{"line":141,"column":9}},"85":{"start":{"line":136,"column":10},"end":{"line":136,"column":27}},"86":{"start":{"line":137,"column":10},"end":{"line":137,"column":72}},"87":{"start":{"line":139,"column":10},"end":{"line":139,"column":34}},"88":{"start":{"line":140,"column":10},"end":{"line":140,"column":64}},"89":{"start":{"line":144,"column":6},"end":{"line":144,"column":74}},"90":{"start":{"line":149,"column":0},"end":{"line":163,"column":2}},"91":{"start":{"line":150,"column":2},"end":{"line":152,"column":3}},"92":{"start":{"line":151,"column":4},"end":{"line":151,"column":60}},"93":{"start":{"line":153,"column":15},"end":{"line":153,"column":23}},"94":{"start":{"line":154,"column":25},"end":{"line":154,"column":45}},"95":{"start":{"line":155,"column":2},"end":{"line":155,"column":43}},"96":{"start":{"line":156,"column":2},"end":{"line":162,"column":5}},"97":{"start":{"line":157,"column":4},"end":{"line":159,"column":5}},"98":{"start":{"line":158,"column":6},"end":{"line":158,"column":23}},"99":{"start":{"line":160,"column":4},"end":{"line":160,"column":63}},"100":{"start":{"line":161,"column":4},"end":{"line":161,"column":58}},"101":{"start":{"line":169,"column":0},"end":{"line":200,"column":2}},"102":{"start":{"line":177,"column":6},"end":{"line":197,"column":8}},"103":{"start":{"line":182,"column":10},"end":{"line":182,"column":36}},"104":{"start":{"line":182,"column":19},"end":{"line":182,"column":36}},"105":{"start":{"line":183,"column":10},"end":{"line":187,"column":15}},"106":{"start":{"line":184,"column":12},"end":{"line":187,"column":15}},"107":{"start":{"line":188,"column":10},"end":{"line":195,"column":13}},"108":{"start":{"line":189,"column":12},"end":{"line":193,"column":17}},"109":{"start":{"line":190,"column":14},"end":{"line":193,"column":17}},"110":{"start":{"line":194,"column":12},"end":{"line":194,"column":36}},"111":{"start":{"line":202,"column":0},"end":{"line":206,"column":2}},"112":{"start":{"line":203,"column":2},"end":{"line":203,"column":15}},"113":{"start":{"line":205,"column":2},"end":{"line":205,"column":37}},"114":{"start":{"line":208,"column":0},"end":{"line":233,"column":2}},"115":{"start":{"line":209,"column":24},"end":{"line":209,"column":48}},"116":{"start":{"line":210,"column":20},"end":{"line":210,"column":40}},"117":{"start":{"line":211,"column":13},"end":{"line":211,"column":21}},"118":{"start":{"line":212,"column":2},"end":{"line":214,"column":3}},"119":{"start":{"line":213,"column":4},"end":{"line":213,"column":60}},"120":{"start":{"line":215,"column":2},"end":{"line":232,"column":5}},"121":{"start":{"line":216,"column":4},"end":{"line":218,"column":5}},"122":{"start":{"line":217,"column":6},"end":{"line":217,"column":65}},"123":{"start":{"line":219,"column":4},"end":{"line":231,"column":7}},"124":{"start":{"line":220,"column":6},"end":{"line":220,"column":27}},"125":{"start":{"line":221,"column":6},"end":{"line":230,"column":9}},"126":{"start":{"line":222,"column":8},"end":{"line":228,"column":9}},"127":{"start":{"line":223,"column":10},"end":{"line":223,"column":27}},"128":{"start":{"line":224,"column":10},"end":{"line":227,"column":13}},"129":{"start":{"line":229,"column":8},"end":{"line":229,"column":59}},"130":{"start":{"line":235,"column":0},"end":{"line":265,"column":2}},"131":{"start":{"line":236,"column":14},"end":{"line":236,"column":28}},"132":{"start":{"line":237,"column":2},"end":{"line":264,"column":5}},"133":{"start":{"line":238,"column":4},"end":{"line":245,"column":5}},"134":{"start":{"line":239,"column":6},"end":{"line":239,"column":23}},"135":{"start":{"line":240,"column":6},"end":{"line":244,"column":9}},"136":{"start":{"line":246,"column":21},"end":{"line":246,"column":41}},"137":{"start":{"line":247,"column":4},"end":{"line":247,"column":33}},"138":{"start":{"line":248,"column":4},"end":{"line":263,"column":7}},"139":{"start":{"line":249,"column":6},"end":{"line":256,"column":7}},"140":{"start":{"line":250,"column":8},"end":{"line":250,"column":25}},"141":{"start":{"line":251,"column":8},"end":{"line":255,"column":11}},"142":{"start":{"line":257,"column":6},"end":{"line":257,"column":56}},"143":{"start":{"line":258,"column":6},"end":{"line":262,"column":9}},"144":{"start":{"line":267,"column":0},"end":{"line":290,"column":2}},"145":{"start":{"line":268,"column":14},"end":{"line":268,"column":28}},"146":{"start":{"line":269,"column":19},"end":{"line":269,"column":38}},"147":{"start":{"line":270,"column":20},"end":{"line":270,"column":40}},"148":{"start":{"line":271,"column":2},"end":{"line":289,"column":5}},"149":{"start":{"line":272,"column":4},"end":{"line":275,"column":5}},"150":{"start":{"line":273,"column":6},"end":{"line":273,"column":23}},"151":{"start":{"line":274,"column":6},"end":{"line":274,"column":60}},"152":{"start":{"line":276,"column":4},"end":{"line":288,"column":7}},"153":{"start":{"line":277,"column":6},"end":{"line":277,"column":27}},"154":{"start":{"line":278,"column":6},"end":{"line":287,"column":9}},"155":{"start":{"line":279,"column":8},"end":{"line":285,"column":9}},"156":{"start":{"line":280,"column":10},"end":{"line":280,"column":27}},"157":{"start":{"line":281,"column":10},"end":{"line":284,"column":13}},"158":{"start":{"line":286,"column":8},"end":{"line":286,"column":59}},"159":{"start":{"line":292,"column":0},"end":{"line":445,"column":2}},"160":{"start":{"line":293,"column":2},"end":{"line":296,"column":3}},"161":{"start":{"line":294,"column":4},"end":{"line":294,"column":31}},"162":{"start":{"line":295,"column":4},"end":{"line":295,"column":60}},"163":{"start":{"line":298,"column":19},"end":{"line":298,"column":36}},"164":{"start":{"line":299,"column":19},"end":{"line":299,"column":36}},"165":{"start":{"line":300,"column":19},"end":{"line":300,"column":36}},"166":{"start":{"line":301,"column":16},"end":{"line":301,"column":30}},"167":{"start":{"line":302,"column":15},"end":{"line":302,"column":23}},"168":{"start":{"line":303,"column":2},"end":{"line":305,"column":3}},"169":{"start":{"line":304,"column":4},"end":{"line":304,"column":66}},"170":{"start":{"line":306,"column":2},"end":{"line":444,"column":4}},"171":{"start":{"line":316,"column":6},"end":{"line":319,"column":7}},"172":{"start":{"line":317,"column":8},"end":{"line":317,"column":25}},"173":{"start":{"line":318,"column":8},"end":{"line":318,"column":77}},"174":{"start":{"line":320,"column":6},"end":{"line":322,"column":7}},"175":{"start":{"line":321,"column":8},"end":{"line":321,"column":77}},"176":{"start":{"line":323,"column":24},"end":{"line":323,"column":53}},"177":{"start":{"line":324,"column":19},"end":{"line":324,"column":40}},"178":{"start":{"line":325,"column":23},"end":{"line":325,"column":67}},"179":{"start":{"line":326,"column":24},"end":{"line":326,"column":33}},"180":{"start":{"line":327,"column":6},"end":{"line":335,"column":9}},"181":{"start":{"line":328,"column":8},"end":{"line":328,"column":38}},"182":{"start":{"line":329,"column":8},"end":{"line":329,"column":25}},"183":{"start":{"line":330,"column":8},"end":{"line":330,"column":29}},"184":{"start":{"line":331,"column":8},"end":{"line":331,"column":26}},"185":{"start":{"line":332,"column":22},"end":{"line":332,"column":32}},"186":{"start":{"line":334,"column":8},"end":{"line":334,"column":68}},"187":{"start":{"line":336,"column":6},"end":{"line":442,"column":9}},"188":{"start":{"line":337,"column":8},"end":{"line":342,"column":9}},"189":{"start":{"line":338,"column":10},"end":{"line":341,"column":13}},"190":{"start":{"line":343,"column":8},"end":{"line":441,"column":10}},"191":{"start":{"line":350,"column":12},"end":{"line":352,"column":13}},"192":{"start":{"line":351,"column":14},"end":{"line":351,"column":71}},"193":{"start":{"line":353,"column":12},"end":{"line":355,"column":13}},"194":{"start":{"line":354,"column":14},"end":{"line":354,"column":71}},"195":{"start":{"line":359,"column":12},"end":{"line":363,"column":15}},"196":{"start":{"line":360,"column":14},"end":{"line":362,"column":15}},"197":{"start":{"line":361,"column":16},"end":{"line":361,"column":37}},"198":{"start":{"line":364,"column":12},"end":{"line":364,"column":31}},"199":{"start":{"line":365,"column":12},"end":{"line":424,"column":13}},"200":{"start":{"line":367,"column":29},"end":{"line":367,"column":34}},"201":{"start":{"line":369,"column":16},"end":{"line":369,"column":63}},"202":{"start":{"line":370,"column":14},"end":{"line":374,"column":17}},"203":{"start":{"line":371,"column":16},"end":{"line":373,"column":17}},"204":{"start":{"line":372,"column":18},"end":{"line":372,"column":34}},"205":{"start":{"line":375,"column":14},"end":{"line":381,"column":15}},"206":{"start":{"line":376,"column":16},"end":{"line":379,"column":19}},"207":{"start":{"line":383,"column":16},"end":{"line":383,"column":63}},"208":{"start":{"line":384,"column":26},"end":{"line":408,"column":15}},"209":{"start":{"line":409,"column":14},"end":{"line":422,"column":15}},"210":{"start":{"line":410,"column":27},"end":{"line":410,"column":35}},"211":{"start":{"line":412,"column":30},"end":{"line":412,"column":81}},"212":{"start":{"line":416,"column":16},"end":{"line":417,"column":71}},"213":{"start":{"line":418,"column":16},"end":{"line":419,"column":67}},"214":{"start":{"line":420,"column":16},"end":{"line":421,"column":62}},"215":{"start":{"line":425,"column":12},"end":{"line":439,"column":15}},"216":{"start":{"line":426,"column":14},"end":{"line":429,"column":15}},"217":{"start":{"line":427,"column":16},"end":{"line":427,"column":33}},"218":{"start":{"line":428,"column":16},"end":{"line":428,"column":62}},"219":{"start":{"line":430,"column":14},"end":{"line":438,"column":17}},"220":{"start":{"line":431,"column":16},"end":{"line":436,"column":17}},"221":{"start":{"line":432,"column":18},"end":{"line":435,"column":21}},"222":{"start":{"line":437,"column":16},"end":{"line":437,"column":70}},"223":{"start":{"line":447,"column":0},"end":{"line":453,"column":2}},"224":{"start":{"line":448,"column":2},"end":{"line":450,"column":3}},"225":{"start":{"line":449,"column":4},"end":{"line":449,"column":60}},"226":{"start":{"line":451,"column":2},"end":{"line":451,"column":43}},"227":{"start":{"line":452,"column":2},"end":{"line":452,"column":53}},"228":{"start":{"line":455,"column":0},"end":{"line":461,"column":2}},"229":{"start":{"line":456,"column":2},"end":{"line":460,"column":3}},"230":{"start":{"line":457,"column":4},"end":{"line":457,"column":55}},"231":{"start":{"line":459,"column":4},"end":{"line":459,"column":53}},"232":{"start":{"line":463,"column":0},"end":{"line":475,"column":2}},"233":{"start":{"line":464,"column":2},"end":{"line":474,"column":3}},"234":{"start":{"line":465,"column":25},"end":{"line":465,"column":27}},"235":{"start":{"line":466,"column":4},"end":{"line":471,"column":7}},"236":{"start":{"line":467,"column":6},"end":{"line":469,"column":9}},"237":{"start":{"line":468,"column":8},"end":{"line":468,"column":40}},"238":{"start":{"line":470,"column":6},"end":{"line":470,"column":55}},"239":{"start":{"line":473,"column":4},"end":{"line":473,"column":53}},"240":{"start":{"line":477,"column":0},"end":{"line":483,"column":2}},"241":{"start":{"line":478,"column":2},"end":{"line":482,"column":3}},"242":{"start":{"line":479,"column":4},"end":{"line":479,"column":68}},"243":{"start":{"line":481,"column":4},"end":{"line":481,"column":40}},"244":{"start":{"line":485,"column":0},"end":{"line":503,"column":2}},"245":{"start":{"line":486,"column":2},"end":{"line":488,"column":3}},"246":{"start":{"line":487,"column":4},"end":{"line":487,"column":60}},"247":{"start":{"line":489,"column":15},"end":{"line":489,"column":23}},"248":{"start":{"line":490,"column":15},"end":{"line":490,"column":28}},"249":{"start":{"line":491,"column":20},"end":{"line":491,"column":45}},"250":{"start":{"line":492,"column":2},"end":{"line":492,"column":20}},"251":{"start":{"line":493,"column":2},"end":{"line":493,"column":25}},"252":{"start":{"line":494,"column":2},"end":{"line":502,"column":3}},"253":{"start":{"line":495,"column":4},"end":{"line":499,"column":7}},"254":{"start":{"line":501,"column":4},"end":{"line":501,"column":61}},"255":{"start":{"line":505,"column":0},"end":{"line":505,"column":45}},"256":{"start":{"line":506,"column":0},"end":{"line":506,"column":37}},"257":{"start":{"line":507,"column":0},"end":{"line":507,"column":55}},"258":{"start":{"line":508,"column":0},"end":{"line":508,"column":30}}},"fnMap":{"0":{"name":"(anonymous_0)","decl":{"start":{"line":12,"column":22},"end":{"line":12,"column":23}},"loc":{"start":{"line":12,"column":42},"end":{"line":21,"column":1}},"line":12},"1":{"name":"(anonymous_1)","decl":{"start":{"line":23,"column":14},"end":{"line":23,"column":15}},"loc":{"start":{"line":23,"column":19},"end":{"line":25,"column":1}},"line":23},"2":{"name":"(anonymous_2)","decl":{"start":{"line":27,"column":27},"end":{"line":27,"column":28}},"loc":{"start":{"line":27,"column":33},"end":{"line":30,"column":1}},"line":27},"3":{"name":"(anonymous_3)","decl":{"start":{"line":35,"column":18},"end":{"line":35,"column":19}},"loc":{"start":{"line":35,"column":38},"end":{"line":67,"column":1}},"line":35},"4":{"name":"(anonymous_4)","decl":{"start":{"line":37,"column":33},"end":{"line":37,"column":34}},"loc":{"start":{"line":37,"column":59},"end":{"line":66,"column":3}},"line":37},"5":{"name":"(anonymous_5)","decl":{"start":{"line":45,"column":20},"end":{"line":45,"column":21}},"loc":{"start":{"line":45,"column":34},"end":{"line":65,"column":5}},"line":45},"6":{"name":"(anonymous_6)","decl":{"start":{"line":55,"column":18},"end":{"line":55,"column":19}},"loc":{"start":{"line":55,"column":25},"end":{"line":61,"column":9}},"line":55},"7":{"name":"(anonymous_7)","decl":{"start":{"line":79,"column":23},"end":{"line":79,"column":24}},"loc":{"start":{"line":79,"column":44},"end":{"line":81,"column":1}},"line":79},"8":{"name":"(anonymous_8)","decl":{"start":{"line":83,"column":25},"end":{"line":83,"column":26}},"loc":{"start":{"line":83,"column":44},"end":{"line":87,"column":1}},"line":83},"9":{"name":"(anonymous_9)","decl":{"start":{"line":84,"column":20},"end":{"line":84,"column":21}},"loc":{"start":{"line":84,"column":40},"end":{"line":86,"column":3}},"line":84},"10":{"name":"(anonymous_10)","decl":{"start":{"line":89,"column":21},"end":{"line":89,"column":22}},"loc":{"start":{"line":89,"column":41},"end":{"line":118,"column":1}},"line":89},"11":{"name":"(anonymous_11)","decl":{"start":{"line":93,"column":33},"end":{"line":93,"column":34}},"loc":{"start":{"line":93,"column":48},"end":{"line":117,"column":3}},"line":93},"12":{"name":"(anonymous_12)","decl":{"start":{"line":101,"column":42},"end":{"line":101,"column":43}},"loc":{"start":{"line":101,"column":50},"end":{"line":115,"column":7}},"line":101},"13":{"name":"(anonymous_13)","decl":{"start":{"line":107,"column":21},"end":{"line":107,"column":22}},"loc":{"start":{"line":107,"column":28},"end":{"line":114,"column":9}},"line":107},"14":{"name":"(anonymous_14)","decl":{"start":{"line":120,"column":21},"end":{"line":120,"column":22}},"loc":{"start":{"line":120,"column":41},"end":{"line":147,"column":1}},"line":120},"15":{"name":"(anonymous_15)","decl":{"start":{"line":127,"column":38},"end":{"line":127,"column":39}},"loc":{"start":{"line":127,"column":53},"end":{"line":146,"column":3}},"line":127},"16":{"name":"(anonymous_16)","decl":{"start":{"line":134,"column":16},"end":{"line":134,"column":17}},"loc":{"start":{"line":134,"column":23},"end":{"line":142,"column":7}},"line":134},"17":{"name":"(anonymous_17)","decl":{"start":{"line":149,"column":25},"end":{"line":149,"column":26}},"loc":{"start":{"line":149,"column":45},"end":{"line":163,"column":1}},"line":149},"18":{"name":"(anonymous_18)","decl":{"start":{"line":156,"column":12},"end":{"line":156,"column":13}},"loc":{"start":{"line":156,"column":19},"end":{"line":162,"column":3}},"line":156},"19":{"name":"(anonymous_19)","decl":{"start":{"line":176,"column":4},"end":{"line":176,"column":5}},"loc":{"start":{"line":176,"column":34},"end":{"line":198,"column":5}},"line":176},"20":{"name":"(anonymous_20)","decl":{"start":{"line":181,"column":8},"end":{"line":181,"column":9}},"loc":{"start":{"line":181,"column":23},"end":{"line":196,"column":9}},"line":181},"21":{"name":"(anonymous_21)","decl":{"start":{"line":188,"column":61},"end":{"line":188,"column":62}},"loc":{"start":{"line":188,"column":72},"end":{"line":195,"column":11}},"line":188},"22":{"name":"(anonymous_22)","decl":{"start":{"line":202,"column":17},"end":{"line":202,"column":18}},"loc":{"start":{"line":202,"column":37},"end":{"line":206,"column":1}},"line":202},"23":{"name":"(anonymous_23)","decl":{"start":{"line":208,"column":25},"end":{"line":208,"column":26}},"loc":{"start":{"line":208,"column":45},"end":{"line":233,"column":1}},"line":208},"24":{"name":"(anonymous_24)","decl":{"start":{"line":215,"column":60},"end":{"line":215,"column":61}},"loc":{"start":{"line":215,"column":71},"end":{"line":232,"column":3}},"line":215},"25":{"name":"(anonymous_25)","decl":{"start":{"line":219,"column":40},"end":{"line":219,"column":41}},"loc":{"start":{"line":219,"column":48},"end":{"line":231,"column":5}},"line":219},"26":{"name":"(anonymous_26)","decl":{"start":{"line":221,"column":16},"end":{"line":221,"column":17}},"loc":{"start":{"line":221,"column":23},"end":{"line":230,"column":7}},"line":221},"27":{"name":"(anonymous_27)","decl":{"start":{"line":235,"column":25},"end":{"line":235,"column":26}},"loc":{"start":{"line":235,"column":45},"end":{"line":265,"column":1}},"line":235},"28":{"name":"(anonymous_28)","decl":{"start":{"line":237,"column":33},"end":{"line":237,"column":34}},"loc":{"start":{"line":237,"column":48},"end":{"line":264,"column":3}},"line":237},"29":{"name":"(anonymous_29)","decl":{"start":{"line":248,"column":14},"end":{"line":248,"column":15}},"loc":{"start":{"line":248,"column":21},"end":{"line":263,"column":5}},"line":248},"30":{"name":"(anonymous_30)","decl":{"start":{"line":267,"column":24},"end":{"line":267,"column":25}},"loc":{"start":{"line":267,"column":44},"end":{"line":290,"column":1}},"line":267},"31":{"name":"(anonymous_31)","decl":{"start":{"line":271,"column":57},"end":{"line":271,"column":58}},"loc":{"start":{"line":271,"column":72},"end":{"line":289,"column":3}},"line":271},"32":{"name":"(anonymous_32)","decl":{"start":{"line":276,"column":40},"end":{"line":276,"column":41}},"loc":{"start":{"line":276,"column":48},"end":{"line":288,"column":5}},"line":276},"33":{"name":"(anonymous_33)","decl":{"start":{"line":278,"column":16},"end":{"line":278,"column":17}},"loc":{"start":{"line":278,"column":23},"end":{"line":287,"column":7}},"line":278},"34":{"name":"(anonymous_34)","decl":{"start":{"line":292,"column":19},"end":{"line":292,"column":20}},"loc":{"start":{"line":292,"column":39},"end":{"line":445,"column":1}},"line":292},"35":{"name":"(anonymous_35)","decl":{"start":{"line":312,"column":4},"end":{"line":312,"column":5}},"loc":{"start":{"line":312,"column":19},"end":{"line":443,"column":5}},"line":312},"36":{"name":"(anonymous_36)","decl":{"start":{"line":327,"column":20},"end":{"line":327,"column":21}},"loc":{"start":{"line":327,"column":28},"end":{"line":335,"column":7}},"line":327},"37":{"name":"(anonymous_37)","decl":{"start":{"line":336,"column":16},"end":{"line":336,"column":17}},"loc":{"start":{"line":336,"column":23},"end":{"line":442,"column":7}},"line":336},"38":{"name":"(anonymous_38)","decl":{"start":{"line":349,"column":10},"end":{"line":349,"column":11}},"loc":{"start":{"line":349,"column":25},"end":{"line":440,"column":11}},"line":349},"39":{"name":"(anonymous_39)","decl":{"start":{"line":359,"column":33},"end":{"line":359,"column":34}},"loc":{"start":{"line":359,"column":43},"end":{"line":363,"column":13}},"line":359},"40":{"name":"(anonymous_40)","decl":{"start":{"line":370,"column":63},"end":{"line":370,"column":64}},"loc":{"start":{"line":370,"column":77},"end":{"line":374,"column":15}},"line":370},"41":{"name":"(anonymous_41)","decl":{"start":{"line":425,"column":22},"end":{"line":425,"column":23}},"loc":{"start":{"line":425,"column":29},"end":{"line":439,"column":13}},"line":425},"42":{"name":"(anonymous_42)","decl":{"start":{"line":430,"column":48},"end":{"line":430,"column":49}},"loc":{"start":{"line":430,"column":58},"end":{"line":438,"column":15}},"line":430},"43":{"name":"(anonymous_43)","decl":{"start":{"line":447,"column":21},"end":{"line":447,"column":22}},"loc":{"start":{"line":447,"column":41},"end":{"line":453,"column":1}},"line":447},"44":{"name":"(anonymous_44)","decl":{"start":{"line":455,"column":19},"end":{"line":455,"column":20}},"loc":{"start":{"line":455,"column":39},"end":{"line":461,"column":1}},"line":455},"45":{"name":"(anonymous_45)","decl":{"start":{"line":463,"column":26},"end":{"line":463,"column":27}},"loc":{"start":{"line":463,"column":46},"end":{"line":475,"column":1}},"line":463},"46":{"name":"(anonymous_46)","decl":{"start":{"line":466,"column":26},"end":{"line":466,"column":27}},"loc":{"start":{"line":466,"column":42},"end":{"line":471,"column":5}},"line":466},"47":{"name":"(anonymous_47)","decl":{"start":{"line":467,"column":20},"end":{"line":467,"column":21}},"loc":{"start":{"line":467,"column":28},"end":{"line":469,"column":7}},"line":467},"48":{"name":"(anonymous_48)","decl":{"start":{"line":477,"column":26},"end":{"line":477,"column":27}},"loc":{"start":{"line":477,"column":46},"end":{"line":483,"column":1}},"line":477},"49":{"name":"(anonymous_49)","decl":{"start":{"line":485,"column":29},"end":{"line":485,"column":30}},"loc":{"start":{"line":485,"column":49},"end":{"line":503,"column":1}},"line":485}},"branchMap":{"0":{"loc":{"start":{"line":16,"column":4},"end":{"line":18,"column":5}},"type":"if","locations":[{"start":{"line":16,"column":4},"end":{"line":18,"column":5}},{"start":{"line":16,"column":4},"end":{"line":18,"column":5}}],"line":16},"1":{"loc":{"start":{"line":38,"column":4},"end":{"line":41,"column":5}},"type":"if","locations":[{"start":{"line":38,"column":4},"end":{"line":41,"column":5}},{"start":{"line":38,"column":4},"end":{"line":41,"column":5}}],"line":38},"2":{"loc":{"start":{"line":42,"column":4},"end":{"line":44,"column":5}},"type":"if","locations":[{"start":{"line":42,"column":4},"end":{"line":44,"column":5}},{"start":{"line":42,"column":4},"end":{"line":44,"column":5}}],"line":42},"3":{"loc":{"start":{"line":46,"column":6},"end":{"line":49,"column":7}},"type":"if","locations":[{"start":{"line":46,"column":6},"end":{"line":49,"column":7}},{"start":{"line":46,"column":6},"end":{"line":49,"column":7}}],"line":46},"4":{"loc":{"start":{"line":50,"column":6},"end":{"line":52,"column":7}},"type":"if","locations":[{"start":{"line":50,"column":6},"end":{"line":52,"column":7}},{"start":{"line":50,"column":6},"end":{"line":52,"column":7}}],"line":50},"5":{"loc":{"start":{"line":53,"column":6},"end":{"line":64,"column":7}},"type":"if","locations":[{"start":{"line":53,"column":6},"end":{"line":64,"column":7}},{"start":{"line":53,"column":6},"end":{"line":64,"column":7}}],"line":53},"6":{"loc":{"start":{"line":56,"column":10},"end":{"line":59,"column":11}},"type":"if","locations":[{"start":{"line":56,"column":10},"end":{"line":59,"column":11}},{"start":{"line":56,"column":10},"end":{"line":59,"column":11}}],"line":56},"7":{"loc":{"start":{"line":94,"column":4},"end":{"line":94,"column":23}},"type":"if","locations":[{"start":{"line":94,"column":4},"end":{"line":94,"column":23}},{"start":{"line":94,"column":4},"end":{"line":94,"column":23}}],"line":94},"8":{"loc":{"start":{"line":95,"column":4},"end":{"line":116,"column":5}},"type":"if","locations":[{"start":{"line":95,"column":4},"end":{"line":116,"column":5}},{"start":{"line":95,"column":4},"end":{"line":116,"column":5}}],"line":95},"9":{"loc":{"start":{"line":108,"column":10},"end":{"line":110,"column":11}},"type":"if","locations":[{"start":{"line":108,"column":10},"end":{"line":110,"column":11}},{"start":{"line":108,"column":10},"end":{"line":110,"column":11}}],"line":108},"10":{"loc":{"start":{"line":124,"column":2},"end":{"line":126,"column":3}},"type":"if","locations":[{"start":{"line":124,"column":2},"end":{"line":126,"column":3}},{"start":{"line":124,"column":2},"end":{"line":126,"column":3}}],"line":124},"11":{"loc":{"start":{"line":128,"column":4},"end":{"line":131,"column":5}},"type":"if","locations":[{"start":{"line":128,"column":4},"end":{"line":131,"column":5}},{"start":{"line":128,"column":4},"end":{"line":131,"column":5}}],"line":128},"12":{"loc":{"start":{"line":128,"column":8},"end":{"line":128,"column":20}},"type":"binary-expr","locations":[{"start":{"line":128,"column":8},"end":{"line":128,"column":11}},{"start":{"line":128,"column":15},"end":{"line":128,"column":20}}],"line":128},"13":{"loc":{"start":{"line":132,"column":4},"end":{"line":145,"column":5}},"type":"if","locations":[{"start":{"line":132,"column":4},"end":{"line":145,"column":5}},{"start":{"line":132,"column":4},"end":{"line":145,"column":5}}],"line":132},"14":{"loc":{"start":{"line":135,"column":8},"end":{"line":141,"column":9}},"type":"if","locations":[{"start":{"line":135,"column":8},"end":{"line":141,"column":9}},{"start":{"line":135,"column":8},"end":{"line":141,"column":9}}],"line":135},"15":{"loc":{"start":{"line":150,"column":2},"end":{"line":152,"column":3}},"type":"if","locations":[{"start":{"line":150,"column":2},"end":{"line":152,"column":3}},{"start":{"line":150,"column":2},"end":{"line":152,"column":3}}],"line":150},"16":{"loc":{"start":{"line":157,"column":4},"end":{"line":159,"column":5}},"type":"if","locations":[{"start":{"line":157,"column":4},"end":{"line":159,"column":5}},{"start":{"line":157,"column":4},"end":{"line":159,"column":5}}],"line":157},"17":{"loc":{"start":{"line":182,"column":10},"end":{"line":182,"column":36}},"type":"if","locations":[{"start":{"line":182,"column":10},"end":{"line":182,"column":36}},{"start":{"line":182,"column":10},"end":{"line":182,"column":36}}],"line":182},"18":{"loc":{"start":{"line":183,"column":10},"end":{"line":187,"column":15}},"type":"if","locations":[{"start":{"line":183,"column":10},"end":{"line":187,"column":15}},{"start":{"line":183,"column":10},"end":{"line":187,"column":15}}],"line":183},"19":{"loc":{"start":{"line":189,"column":12},"end":{"line":193,"column":17}},"type":"if","locations":[{"start":{"line":189,"column":12},"end":{"line":193,"column":17}},{"start":{"line":189,"column":12},"end":{"line":193,"column":17}}],"line":189},"20":{"loc":{"start":{"line":212,"column":2},"end":{"line":214,"column":3}},"type":"if","locations":[{"start":{"line":212,"column":2},"end":{"line":214,"column":3}},{"start":{"line":212,"column":2},"end":{"line":214,"column":3}}],"line":212},"21":{"loc":{"start":{"line":216,"column":4},"end":{"line":218,"column":5}},"type":"if","locations":[{"start":{"line":216,"column":4},"end":{"line":218,"column":5}},{"start":{"line":216,"column":4},"end":{"line":218,"column":5}}],"line":216},"22":{"loc":{"start":{"line":222,"column":8},"end":{"line":228,"column":9}},"type":"if","locations":[{"start":{"line":222,"column":8},"end":{"line":228,"column":9}},{"start":{"line":222,"column":8},"end":{"line":228,"column":9}}],"line":222},"23":{"loc":{"start":{"line":238,"column":4},"end":{"line":245,"column":5}},"type":"if","locations":[{"start":{"line":238,"column":4},"end":{"line":245,"column":5}},{"start":{"line":238,"column":4},"end":{"line":245,"column":5}}],"line":238},"24":{"loc":{"start":{"line":238,"column":8},"end":{"line":238,"column":20}},"type":"binary-expr","locations":[{"start":{"line":238,"column":8},"end":{"line":238,"column":11}},{"start":{"line":238,"column":15},"end":{"line":238,"column":20}}],"line":238},"25":{"loc":{"start":{"line":249,"column":6},"end":{"line":256,"column":7}},"type":"if","locations":[{"start":{"line":249,"column":6},"end":{"line":256,"column":7}},{"start":{"line":249,"column":6},"end":{"line":256,"column":7}}],"line":249},"26":{"loc":{"start":{"line":272,"column":4},"end":{"line":275,"column":5}},"type":"if","locations":[{"start":{"line":272,"column":4},"end":{"line":275,"column":5}},{"start":{"line":272,"column":4},"end":{"line":275,"column":5}}],"line":272},"27":{"loc":{"start":{"line":279,"column":8},"end":{"line":285,"column":9}},"type":"if","locations":[{"start":{"line":279,"column":8},"end":{"line":285,"column":9}},{"start":{"line":279,"column":8},"end":{"line":285,"column":9}}],"line":279},"28":{"loc":{"start":{"line":293,"column":2},"end":{"line":296,"column":3}},"type":"if","locations":[{"start":{"line":293,"column":2},"end":{"line":296,"column":3}},{"start":{"line":293,"column":2},"end":{"line":296,"column":3}}],"line":293},"29":{"loc":{"start":{"line":303,"column":2},"end":{"line":305,"column":3}},"type":"if","locations":[{"start":{"line":303,"column":2},"end":{"line":305,"column":3}},{"start":{"line":303,"column":2},"end":{"line":305,"column":3}}],"line":303},"30":{"loc":{"start":{"line":303,"column":6},"end":{"line":303,"column":53}},"type":"binary-expr","locations":[{"start":{"line":303,"column":6},"end":{"line":303,"column":28}},{"start":{"line":303,"column":32},"end":{"line":303,"column":53}}],"line":303},"31":{"loc":{"start":{"line":316,"column":6},"end":{"line":319,"column":7}},"type":"if","locations":[{"start":{"line":316,"column":6},"end":{"line":319,"column":7}},{"start":{"line":316,"column":6},"end":{"line":319,"column":7}}],"line":316},"32":{"loc":{"start":{"line":320,"column":6},"end":{"line":322,"column":7}},"type":"if","locations":[{"start":{"line":320,"column":6},"end":{"line":322,"column":7}},{"start":{"line":320,"column":6},"end":{"line":322,"column":7}}],"line":320},"33":{"loc":{"start":{"line":337,"column":8},"end":{"line":342,"column":9}},"type":"if","locations":[{"start":{"line":337,"column":8},"end":{"line":342,"column":9}},{"start":{"line":337,"column":8},"end":{"line":342,"column":9}}],"line":337},"34":{"loc":{"start":{"line":350,"column":12},"end":{"line":352,"column":13}},"type":"if","locations":[{"start":{"line":350,"column":12},"end":{"line":352,"column":13}},{"start":{"line":350,"column":12},"end":{"line":352,"column":13}}],"line":350},"35":{"loc":{"start":{"line":353,"column":12},"end":{"line":355,"column":13}},"type":"if","locations":[{"start":{"line":353,"column":12},"end":{"line":355,"column":13}},{"start":{"line":353,"column":12},"end":{"line":355,"column":13}}],"line":353},"36":{"loc":{"start":{"line":360,"column":14},"end":{"line":362,"column":15}},"type":"if","locations":[{"start":{"line":360,"column":14},"end":{"line":362,"column":15}},{"start":{"line":360,"column":14},"end":{"line":362,"column":15}}],"line":360},"37":{"loc":{"start":{"line":371,"column":16},"end":{"line":373,"column":17}},"type":"if","locations":[{"start":{"line":371,"column":16},"end":{"line":373,"column":17}},{"start":{"line":371,"column":16},"end":{"line":373,"column":17}}],"line":371},"38":{"loc":{"start":{"line":375,"column":14},"end":{"line":381,"column":15}},"type":"if","locations":[{"start":{"line":375,"column":14},"end":{"line":381,"column":15}},{"start":{"line":375,"column":14},"end":{"line":381,"column":15}}],"line":375},"39":{"loc":{"start":{"line":426,"column":14},"end":{"line":429,"column":15}},"type":"if","locations":[{"start":{"line":426,"column":14},"end":{"line":429,"column":15}},{"start":{"line":426,"column":14},"end":{"line":429,"column":15}}],"line":426},"40":{"loc":{"start":{"line":431,"column":16},"end":{"line":436,"column":17}},"type":"if","locations":[{"start":{"line":431,"column":16},"end":{"line":436,"column":17}},{"start":{"line":431,"column":16},"end":{"line":436,"column":17}}],"line":431},"41":{"loc":{"start":{"line":448,"column":2},"end":{"line":450,"column":3}},"type":"if","locations":[{"start":{"line":448,"column":2},"end":{"line":450,"column":3}},{"start":{"line":448,"column":2},"end":{"line":450,"column":3}}],"line":448},"42":{"loc":{"start":{"line":456,"column":2},"end":{"line":460,"column":3}},"type":"if","locations":[{"start":{"line":456,"column":2},"end":{"line":460,"column":3}},{"start":{"line":456,"column":2},"end":{"line":460,"column":3}}],"line":456},"43":{"loc":{"start":{"line":464,"column":2},"end":{"line":474,"column":3}},"type":"if","locations":[{"start":{"line":464,"column":2},"end":{"line":474,"column":3}},{"start":{"line":464,"column":2},"end":{"line":474,"column":3}}],"line":464},"44":{"loc":{"start":{"line":478,"column":2},"end":{"line":482,"column":3}},"type":"if","locations":[{"start":{"line":478,"column":2},"end":{"line":482,"column":3}},{"start":{"line":478,"column":2},"end":{"line":482,"column":3}}],"line":478},"45":{"loc":{"start":{"line":486,"column":2},"end":{"line":488,"column":3}},"type":"if","locations":[{"start":{"line":486,"column":2},"end":{"line":488,"column":3}},{"start":{"line":486,"column":2},"end":{"line":488,"column":3}}],"line":486},"46":{"loc":{"start":{"line":494,"column":2},"end":{"line":502,"column":3}},"type":"if","locations":[{"start":{"line":494,"column":2},"end":{"line":502,"column":3}},{"start":{"line":494,"column":2},"end":{"line":502,"column":3}}],"line":494}},"s":{"0":2,"1":2,"2":2,"3":2,"4":2,"5":2,"6":2,"7":2,"8":2,"9":5,"10":5,"11":5,"12":14,"13":4,"14":5,"15":2,"16":0,"17":2,"18":10032,"19":10032,"20":2,"21":16,"22":16,"23":16,"24":0,"25":0,"26":16,"27":0,"28":16,"29":16,"30":0,"31":0,"32":16,"33":16,"34":0,"35":0,"36":0,"37":0,"38":0,"39":0,"40":0,"41":0,"42":2,"43":2,"44":16,"45":2,"46":1,"47":1,"48":2,"49":16,"50":16,"51":16,"52":16,"53":16,"54":0,"55":16,"56":0,"57":16,"58":16,"59":16,"60":16,"61":16,"62":16,"63":16,"64":16,"65":16,"66":16,"67":16,"68":0,"69":16,"70":16,"71":2,"72":0,"73":0,"74":0,"75":0,"76":0,"77":0,"78":0,"79":0,"80":0,"81":0,"82":0,"83":0,"84":0,"85":0,"86":0,"87":0,"88":0,"89":0,"90":2,"91":0,"92":0,"93":0,"94":0,"95":0,"96":0,"97":0,"98":0,"99":0,"100":0,"101":2,"102":16,"103":16,"104":0,"105":16,"106":0,"107":16,"108":16,"109":0,"110":16,"111":2,"112":0,"113":0,"114":2,"115":0,"116":0,"117":0,"118":0,"119":0,"120":0,"121":0,"122":0,"123":0,"124":0,"125":0,"126":0,"127":0,"128":0,"129":0,"130":2,"131":0,"132":0,"133":0,"134":0,"135":0,"136":0,"137":0,"138":0,"139":0,"140":0,"141":0,"142":0,"143":0,"144":2,"145":0,"146":0,"147":0,"148":0,"149":0,"150":0,"151":0,"152":0,"153":0,"154":0,"155":0,"156":0,"157":0,"158":0,"159":2,"160":0,"161":0,"162":0,"163":0,"164":0,"165":0,"166":0,"167":0,"168":0,"169":0,"170":0,"171":0,"172":0,"173":0,"174":0,"175":0,"176":0,"177":0,"178":0,"179":0,"180":0,"181":0,"182":0,"183":0,"184":0,"185":0,"186":0,"187":0,"188":0,"189":0,"190":0,"191":0,"192":0,"193":0,"194":0,"195":0,"196":0,"197":0,"198":0,"199":0,"200":0,"201":0,"202":0,"203":0,"204":0,"205":0,"206":0,"207":0,"208":0,"209":0,"210":0,"211":0,"212":0,"213":0,"214":0,"215":0,"216":0,"217":0,"218":0,"219":0,"220":0,"221":0,"222":0,"223":2,"224":0,"225":0,"226":0,"227":0,"228":2,"229":0,"230":0,"231":0,"232":2,"233":2,"234":1,"235":1,"236":1,"237":15,"238":1,"239":1,"240":2,"241":0,"242":0,"243":0,"244":2,"245":0,"246":0,"247":0,"248":0,"249":0,"250":0,"251":0,"252":0,"253":0,"254":0,"255":2,"256":2,"257":2,"258":2},"f":{"0":5,"1":0,"2":10032,"3":16,"4":16,"5":16,"6":0,"7":16,"8":1,"9":1,"10":16,"11":16,"12":16,"13":16,"14":0,"15":0,"16":0,"17":0,"18":0,"19":16,"20":16,"21":16,"22":0,"23":0,"24":0,"25":0,"26":0,"27":0,"28":0,"29":0,"30":0,"31":0,"32":0,"33":0,"34":0,"35":0,"36":0,"37":0,"38":0,"39":0,"40":0,"41":0,"42":0,"43":0,"44":0,"45":2,"46":1,"47":15,"48":0,"49":0},"b":{"0":[4,10],"1":[0,16],"2":[0,16],"3":[0,16],"4":[16,0],"5":[0,0],"6":[0,0],"7":[0,16],"8":[0,16],"9":[0,16],"10":[0,0],"11":[0,0],"12":[0,0],"13":[0,0],"14":[0,0],"15":[0,0],"16":[0,0],"17":[0,16],"18":[0,16],"19":[0,16],"20":[0,0],"21":[0,0],"22":[0,0],"23":[0,0],"24":[0,0],"25":[0,0],"26":[0,0],"27":[0,0],"28":[0,0],"29":[0,0],"30":[0,0],"31":[0,0],"32":[0,0],"33":[0,0],"34":[0,0],"35":[0,0],"36":[0,0],"37":[0,0],"38":[0,0],"39":[0,0],"40":[0,0],"41":[0,0],"42":[0,0],"43":[1,1],"44":[0,0],"45":[0,0],"46":[0,0]},"_coverageSchema":"43e27e138ebf9cfc5966b082cf9a028302ed4184","hash":"e732da712fa7b6fd98375cbe470dba1ae3085da3"}
,"/Users/ze0tron/scrimUp/scrimUp-backend/api/controllers/main.js": {"path":"/Users/ze0tron/scrimUp/scrimUp-backend/api/controllers/main.js","statementMap":{"0":{"start":{"line":2,"column":0},"end":{"line":4,"column":2}},"1":{"start":{"line":3,"column":2},"end":{"line":3,"column":20}}},"fnMap":{"0":{"name":"(anonymous_0)","decl":{"start":{"line":2,"column":16},"end":{"line":2,"column":17}},"loc":{"start":{"line":2,"column":30},"end":{"line":4,"column":1}},"line":2}},"branchMap":{},"s":{"0":2,"1":0},"f":{"0":0},"b":{},"_coverageSchema":"43e27e138ebf9cfc5966b082cf9a028302ed4184","hash":"5107c4f109cb5066afd6b74be4cec650cbaf4b0b"}
,"/Users/ze0tron/scrimUp/scrimUp-backend/api/controllers/team.js": {"path":"/Users/ze0tron/scrimUp/scrimUp-backend/api/controllers/team.js","statementMap":{"0":{"start":{"line":2,"column":15},"end":{"line":2,"column":32}},"1":{"start":{"line":3,"column":13},"end":{"line":3,"column":38}},"2":{"start":{"line":4,"column":13},"end":{"line":4,"column":38}},"3":{"start":{"line":5,"column":13},"end":{"line":5,"column":38}},"4":{"start":{"line":6,"column":15},"end":{"line":6,"column":42}},"5":{"start":{"line":7,"column":14},"end":{"line":7,"column":40}},"6":{"start":{"line":8,"column":21},"end":{"line":8,"column":54}},"7":{"start":{"line":9,"column":21},"end":{"line":9,"column":53}},"8":{"start":{"line":10,"column":17},"end":{"line":10,"column":46}},"9":{"start":{"line":11,"column":21},"end":{"line":11,"column":54}},"10":{"start":{"line":12,"column":18},"end":{"line":12,"column":48}},"11":{"start":{"line":15,"column":22},"end":{"line":24,"column":1}},"12":{"start":{"line":16,"column":2},"end":{"line":16,"column":20}},"13":{"start":{"line":17,"column":24},"end":{"line":17,"column":26}},"14":{"start":{"line":18,"column":2},"end":{"line":22,"column":5}},"15":{"start":{"line":19,"column":4},"end":{"line":21,"column":5}},"16":{"start":{"line":20,"column":6},"end":{"line":20,"column":34}},"17":{"start":{"line":23,"column":2},"end":{"line":23,"column":25}},"18":{"start":{"line":26,"column":17},"end":{"line":43,"column":1}},"19":{"start":{"line":27,"column":2},"end":{"line":42,"column":5}},"20":{"start":{"line":28,"column":4},"end":{"line":41,"column":6}},"21":{"start":{"line":35,"column":8},"end":{"line":38,"column":9}},"22":{"start":{"line":36,"column":10},"end":{"line":36,"column":27}},"23":{"start":{"line":37,"column":10},"end":{"line":37,"column":25}},"24":{"start":{"line":39,"column":8},"end":{"line":39,"column":22}},"25":{"start":{"line":45,"column":17},"end":{"line":62,"column":1}},"26":{"start":{"line":46,"column":2},"end":{"line":61,"column":5}},"27":{"start":{"line":47,"column":4},"end":{"line":60,"column":6}},"28":{"start":{"line":54,"column":8},"end":{"line":57,"column":9}},"29":{"start":{"line":55,"column":10},"end":{"line":55,"column":27}},"30":{"start":{"line":56,"column":10},"end":{"line":56,"column":25}},"31":{"start":{"line":58,"column":8},"end":{"line":58,"column":22}},"32":{"start":{"line":64,"column":23},"end":{"line":79,"column":1}},"33":{"start":{"line":65,"column":2},"end":{"line":78,"column":5}},"34":{"start":{"line":66,"column":22},"end":{"line":66,"column":51}},"35":{"start":{"line":67,"column":4},"end":{"line":69,"column":5}},"36":{"start":{"line":68,"column":6},"end":{"line":68,"column":64}},"37":{"start":{"line":70,"column":4},"end":{"line":70,"column":36}},"38":{"start":{"line":71,"column":4},"end":{"line":77,"column":7}},"39":{"start":{"line":72,"column":6},"end":{"line":75,"column":7}},"40":{"start":{"line":73,"column":8},"end":{"line":73,"column":41}},"41":{"start":{"line":74,"column":8},"end":{"line":74,"column":26}},"42":{"start":{"line":76,"column":6},"end":{"line":76,"column":25}},"43":{"start":{"line":81,"column":30},"end":{"line":89,"column":1}},"44":{"start":{"line":82,"column":26},"end":{"line":82,"column":28}},"45":{"start":{"line":83,"column":2},"end":{"line":87,"column":5}},"46":{"start":{"line":84,"column":4},"end":{"line":86,"column":5}},"47":{"start":{"line":85,"column":6},"end":{"line":85,"column":38}},"48":{"start":{"line":88,"column":2},"end":{"line":88,"column":27}},"49":{"start":{"line":90,"column":30},"end":{"line":98,"column":1}},"50":{"start":{"line":91,"column":26},"end":{"line":91,"column":28}},"51":{"start":{"line":92,"column":2},"end":{"line":96,"column":5}},"52":{"start":{"line":93,"column":4},"end":{"line":95,"column":5}},"53":{"start":{"line":94,"column":6},"end":{"line":94,"column":38}},"54":{"start":{"line":97,"column":2},"end":{"line":97,"column":27}},"55":{"start":{"line":100,"column":0},"end":{"line":124,"column":2}},"56":{"start":{"line":101,"column":15},"end":{"line":101,"column":23}},"57":{"start":{"line":102,"column":2},"end":{"line":104,"column":3}},"58":{"start":{"line":103,"column":4},"end":{"line":103,"column":60}},"59":{"start":{"line":105,"column":16},"end":{"line":105,"column":18}},"60":{"start":{"line":106,"column":19},"end":{"line":106,"column":36}},"61":{"start":{"line":107,"column":19},"end":{"line":107,"column":36}},"62":{"start":{"line":108,"column":2},"end":{"line":123,"column":5}},"63":{"start":{"line":109,"column":4},"end":{"line":112,"column":5}},"64":{"start":{"line":110,"column":6},"end":{"line":110,"column":23}},"65":{"start":{"line":111,"column":6},"end":{"line":111,"column":63}},"66":{"start":{"line":113,"column":4},"end":{"line":115,"column":5}},"67":{"start":{"line":113,"column":17},"end":{"line":113,"column":18}},"68":{"start":{"line":114,"column":6},"end":{"line":114,"column":43}},"69":{"start":{"line":116,"column":22},"end":{"line":116,"column":51}},"70":{"start":{"line":117,"column":4},"end":{"line":122,"column":7}},"71":{"start":{"line":126,"column":0},"end":{"line":223,"column":2}},"72":{"start":{"line":128,"column":15},"end":{"line":128,"column":23}},"73":{"start":{"line":129,"column":19},"end":{"line":129,"column":36}},"74":{"start":{"line":130,"column":19},"end":{"line":130,"column":36}},"75":{"start":{"line":131,"column":13},"end":{"line":131,"column":38}},"76":{"start":{"line":132,"column":13},"end":{"line":132,"column":38}},"77":{"start":{"line":133,"column":2},"end":{"line":135,"column":3}},"78":{"start":{"line":134,"column":4},"end":{"line":134,"column":60}},"79":{"start":{"line":136,"column":2},"end":{"line":136,"column":26}},"80":{"start":{"line":137,"column":2},"end":{"line":222,"column":5}},"81":{"start":{"line":138,"column":4},"end":{"line":142,"column":5}},"82":{"start":{"line":139,"column":6},"end":{"line":139,"column":23}},"83":{"start":{"line":140,"column":6},"end":{"line":140,"column":60}},"84":{"start":{"line":141,"column":6},"end":{"line":141,"column":72}},"85":{"start":{"line":143,"column":24},"end":{"line":143,"column":26}},"86":{"start":{"line":144,"column":20},"end":{"line":144,"column":21}},"87":{"start":{"line":145,"column":4},"end":{"line":152,"column":7}},"88":{"start":{"line":146,"column":6},"end":{"line":148,"column":7}},"89":{"start":{"line":147,"column":8},"end":{"line":147,"column":41}},"90":{"start":{"line":149,"column":6},"end":{"line":151,"column":7}},"91":{"start":{"line":150,"column":8},"end":{"line":150,"column":36}},"92":{"start":{"line":153,"column":4},"end":{"line":158,"column":5}},"93":{"start":{"line":154,"column":6},"end":{"line":157,"column":9}},"94":{"start":{"line":159,"column":4},"end":{"line":159,"column":29}},"95":{"start":{"line":160,"column":4},"end":{"line":221,"column":6}},"96":{"start":{"line":179,"column":8},"end":{"line":185,"column":9}},"97":{"start":{"line":180,"column":10},"end":{"line":180,"column":27}},"98":{"start":{"line":181,"column":10},"end":{"line":184,"column":13}},"99":{"start":{"line":186,"column":16},"end":{"line":186,"column":17}},"100":{"start":{"line":187,"column":30},"end":{"line":187,"column":32}},"101":{"start":{"line":188,"column":22},"end":{"line":188,"column":23}},"102":{"start":{"line":189,"column":8},"end":{"line":218,"column":9}},"103":{"start":{"line":190,"column":24},"end":{"line":190,"column":38}},"104":{"start":{"line":191,"column":10},"end":{"line":212,"column":13}},"105":{"start":{"line":192,"column":12},"end":{"line":192,"column":34}},"106":{"start":{"line":193,"column":12},"end":{"line":211,"column":13}},"107":{"start":{"line":198,"column":14},"end":{"line":198,"column":42}},"108":{"start":{"line":199,"column":14},"end":{"line":210,"column":15}},"109":{"start":{"line":204,"column":16},"end":{"line":208,"column":19}},"110":{"start":{"line":209,"column":16},"end":{"line":209,"column":23}},"111":{"start":{"line":213,"column":10},"end":{"line":217,"column":11}},"112":{"start":{"line":214,"column":12},"end":{"line":214,"column":25}},"113":{"start":{"line":216,"column":12},"end":{"line":216,"column":18}},"114":{"start":{"line":219,"column":8},"end":{"line":219,"column":58}},"115":{"start":{"line":225,"column":0},"end":{"line":288,"column":2}},"116":{"start":{"line":226,"column":15},"end":{"line":226,"column":23}},"117":{"start":{"line":227,"column":19},"end":{"line":227,"column":36}},"118":{"start":{"line":228,"column":19},"end":{"line":228,"column":36}},"119":{"start":{"line":230,"column":13},"end":{"line":230,"column":38}},"120":{"start":{"line":231,"column":15},"end":{"line":231,"column":28}},"121":{"start":{"line":232,"column":20},"end":{"line":232,"column":38}},"122":{"start":{"line":233,"column":20},"end":{"line":233,"column":38}},"123":{"start":{"line":234,"column":24},"end":{"line":234,"column":37}},"124":{"start":{"line":235,"column":2},"end":{"line":237,"column":3}},"125":{"start":{"line":236,"column":4},"end":{"line":236,"column":60}},"126":{"start":{"line":238,"column":2},"end":{"line":238,"column":34}},"127":{"start":{"line":239,"column":2},"end":{"line":287,"column":5}},"128":{"start":{"line":240,"column":4},"end":{"line":244,"column":5}},"129":{"start":{"line":241,"column":6},"end":{"line":241,"column":23}},"130":{"start":{"line":242,"column":6},"end":{"line":242,"column":60}},"131":{"start":{"line":243,"column":6},"end":{"line":243,"column":72}},"132":{"start":{"line":245,"column":4},"end":{"line":286,"column":6}},"133":{"start":{"line":251,"column":8},"end":{"line":253,"column":9}},"134":{"start":{"line":252,"column":10},"end":{"line":252,"column":78}},"135":{"start":{"line":254,"column":26},"end":{"line":261,"column":10}},"136":{"start":{"line":262,"column":8},"end":{"line":262,"column":48}},"137":{"start":{"line":263,"column":8},"end":{"line":263,"column":33}},"138":{"start":{"line":264,"column":8},"end":{"line":284,"column":11}},"139":{"start":{"line":265,"column":10},"end":{"line":283,"column":11}},"140":{"start":{"line":266,"column":12},"end":{"line":266,"column":76}},"141":{"start":{"line":268,"column":12},"end":{"line":282,"column":15}},"142":{"start":{"line":269,"column":14},"end":{"line":281,"column":15}},"143":{"start":{"line":270,"column":16},"end":{"line":273,"column":19}},"144":{"start":{"line":275,"column":16},"end":{"line":279,"column":18}},"145":{"start":{"line":280,"column":16},"end":{"line":280,"column":51}},"146":{"start":{"line":290,"column":0},"end":{"line":305,"column":2}},"147":{"start":{"line":291,"column":15},"end":{"line":291,"column":23}},"148":{"start":{"line":292,"column":19},"end":{"line":292,"column":36}},"149":{"start":{"line":293,"column":19},"end":{"line":293,"column":36}},"150":{"start":{"line":294,"column":2},"end":{"line":296,"column":3}},"151":{"start":{"line":295,"column":4},"end":{"line":295,"column":60}},"152":{"start":{"line":297,"column":2},"end":{"line":304,"column":5}},"153":{"start":{"line":298,"column":4},"end":{"line":302,"column":5}},"154":{"start":{"line":299,"column":6},"end":{"line":299,"column":23}},"155":{"start":{"line":300,"column":6},"end":{"line":300,"column":60}},"156":{"start":{"line":301,"column":6},"end":{"line":301,"column":72}},"157":{"start":{"line":303,"column":4},"end":{"line":303,"column":75}},"158":{"start":{"line":307,"column":0},"end":{"line":413,"column":2}},"159":{"start":{"line":308,"column":15},"end":{"line":308,"column":23}},"160":{"start":{"line":309,"column":19},"end":{"line":309,"column":36}},"161":{"start":{"line":310,"column":19},"end":{"line":310,"column":36}},"162":{"start":{"line":312,"column":13},"end":{"line":312,"column":38}},"163":{"start":{"line":313,"column":15},"end":{"line":313,"column":28}},"164":{"start":{"line":314,"column":20},"end":{"line":314,"column":38}},"165":{"start":{"line":315,"column":23},"end":{"line":315,"column":38}},"166":{"start":{"line":316,"column":2},"end":{"line":318,"column":3}},"167":{"start":{"line":317,"column":4},"end":{"line":317,"column":60}},"168":{"start":{"line":319,"column":2},"end":{"line":319,"column":26}},"169":{"start":{"line":320,"column":2},"end":{"line":412,"column":5}},"170":{"start":{"line":321,"column":4},"end":{"line":325,"column":5}},"171":{"start":{"line":322,"column":6},"end":{"line":322,"column":23}},"172":{"start":{"line":323,"column":6},"end":{"line":323,"column":60}},"173":{"start":{"line":324,"column":6},"end":{"line":324,"column":72}},"174":{"start":{"line":326,"column":25},"end":{"line":326,"column":27}},"175":{"start":{"line":327,"column":4},"end":{"line":335,"column":7}},"176":{"start":{"line":328,"column":6},"end":{"line":334,"column":7}},"177":{"start":{"line":333,"column":8},"end":{"line":333,"column":31}},"178":{"start":{"line":336,"column":4},"end":{"line":336,"column":32}},"179":{"start":{"line":337,"column":22},"end":{"line":337,"column":60}},"180":{"start":{"line":338,"column":4},"end":{"line":338,"column":53}},"181":{"start":{"line":339,"column":4},"end":{"line":411,"column":5}},"182":{"start":{"line":340,"column":6},"end":{"line":340,"column":38}},"183":{"start":{"line":341,"column":6},"end":{"line":341,"column":31}},"184":{"start":{"line":343,"column":6},"end":{"line":377,"column":8}},"185":{"start":{"line":349,"column":10},"end":{"line":351,"column":11}},"186":{"start":{"line":350,"column":12},"end":{"line":350,"column":29}},"187":{"start":{"line":352,"column":10},"end":{"line":352,"column":43}},"188":{"start":{"line":353,"column":10},"end":{"line":353,"column":36}},"189":{"start":{"line":354,"column":10},"end":{"line":375,"column":13}},"190":{"start":{"line":355,"column":12},"end":{"line":358,"column":13}},"191":{"start":{"line":356,"column":14},"end":{"line":356,"column":31}},"192":{"start":{"line":357,"column":14},"end":{"line":357,"column":77}},"193":{"start":{"line":359,"column":12},"end":{"line":374,"column":15}},"194":{"start":{"line":360,"column":14},"end":{"line":373,"column":15}},"195":{"start":{"line":361,"column":16},"end":{"line":361,"column":33}},"196":{"start":{"line":362,"column":16},"end":{"line":365,"column":19}},"197":{"start":{"line":367,"column":16},"end":{"line":371,"column":18}},"198":{"start":{"line":372,"column":16},"end":{"line":372,"column":51}},"199":{"start":{"line":379,"column":6},"end":{"line":410,"column":8}},"200":{"start":{"line":385,"column":28},"end":{"line":385,"column":30}},"201":{"start":{"line":386,"column":10},"end":{"line":390,"column":13}},"202":{"start":{"line":387,"column":12},"end":{"line":389,"column":13}},"203":{"start":{"line":388,"column":14},"end":{"line":388,"column":34}},"204":{"start":{"line":391,"column":10},"end":{"line":391,"column":48}},"205":{"start":{"line":392,"column":10},"end":{"line":408,"column":13}},"206":{"start":{"line":393,"column":12},"end":{"line":396,"column":13}},"207":{"start":{"line":394,"column":14},"end":{"line":394,"column":31}},"208":{"start":{"line":395,"column":14},"end":{"line":395,"column":77}},"209":{"start":{"line":397,"column":12},"end":{"line":407,"column":15}},"210":{"start":{"line":398,"column":14},"end":{"line":406,"column":15}},"211":{"start":{"line":399,"column":16},"end":{"line":399,"column":33}},"212":{"start":{"line":400,"column":16},"end":{"line":403,"column":19}},"213":{"start":{"line":405,"column":16},"end":{"line":405,"column":51}},"214":{"start":{"line":415,"column":0},"end":{"line":429,"column":2}},"215":{"start":{"line":416,"column":15},"end":{"line":416,"column":23}},"216":{"start":{"line":417,"column":2},"end":{"line":419,"column":3}},"217":{"start":{"line":418,"column":4},"end":{"line":418,"column":60}},"218":{"start":{"line":420,"column":19},"end":{"line":420,"column":36}},"219":{"start":{"line":421,"column":19},"end":{"line":421,"column":36}},"220":{"start":{"line":422,"column":2},"end":{"line":428,"column":5}},"221":{"start":{"line":423,"column":4},"end":{"line":426,"column":5}},"222":{"start":{"line":424,"column":6},"end":{"line":424,"column":23}},"223":{"start":{"line":425,"column":6},"end":{"line":425,"column":63}},"224":{"start":{"line":427,"column":4},"end":{"line":427,"column":68}},"225":{"start":{"line":431,"column":0},"end":{"line":448,"column":2}},"226":{"start":{"line":432,"column":15},"end":{"line":432,"column":23}},"227":{"start":{"line":433,"column":2},"end":{"line":435,"column":3}},"228":{"start":{"line":434,"column":4},"end":{"line":434,"column":60}},"229":{"start":{"line":436,"column":19},"end":{"line":436,"column":36}},"230":{"start":{"line":437,"column":19},"end":{"line":437,"column":36}},"231":{"start":{"line":438,"column":2},"end":{"line":447,"column":5}},"232":{"start":{"line":439,"column":4},"end":{"line":442,"column":5}},"233":{"start":{"line":440,"column":6},"end":{"line":440,"column":23}},"234":{"start":{"line":441,"column":6},"end":{"line":441,"column":63}},"235":{"start":{"line":443,"column":4},"end":{"line":446,"column":7}},"236":{"start":{"line":450,"column":0},"end":{"line":465,"column":2}},"237":{"start":{"line":451,"column":15},"end":{"line":451,"column":23}},"238":{"start":{"line":452,"column":19},"end":{"line":452,"column":36}},"239":{"start":{"line":453,"column":19},"end":{"line":453,"column":36}},"240":{"start":{"line":454,"column":2},"end":{"line":456,"column":3}},"241":{"start":{"line":455,"column":4},"end":{"line":455,"column":60}},"242":{"start":{"line":457,"column":2},"end":{"line":464,"column":5}},"243":{"start":{"line":458,"column":4},"end":{"line":462,"column":5}},"244":{"start":{"line":459,"column":6},"end":{"line":459,"column":23}},"245":{"start":{"line":460,"column":6},"end":{"line":460,"column":60}},"246":{"start":{"line":461,"column":6},"end":{"line":461,"column":72}},"247":{"start":{"line":463,"column":4},"end":{"line":463,"column":51}},"248":{"start":{"line":467,"column":0},"end":{"line":552,"column":2}},"249":{"start":{"line":468,"column":15},"end":{"line":468,"column":23}},"250":{"start":{"line":469,"column":16},"end":{"line":469,"column":30}},"251":{"start":{"line":470,"column":19},"end":{"line":470,"column":36}},"252":{"start":{"line":471,"column":2},"end":{"line":473,"column":3}},"253":{"start":{"line":472,"column":4},"end":{"line":472,"column":60}},"254":{"start":{"line":474,"column":2},"end":{"line":476,"column":3}},"255":{"start":{"line":475,"column":4},"end":{"line":475,"column":71}},"256":{"start":{"line":477,"column":2},"end":{"line":477,"column":26}},"257":{"start":{"line":478,"column":2},"end":{"line":551,"column":4}},"258":{"start":{"line":483,"column":6},"end":{"line":486,"column":7}},"259":{"start":{"line":484,"column":8},"end":{"line":484,"column":25}},"260":{"start":{"line":485,"column":8},"end":{"line":485,"column":66}},"261":{"start":{"line":487,"column":24},"end":{"line":487,"column":54}},"262":{"start":{"line":488,"column":6},"end":{"line":494,"column":7}},"263":{"start":{"line":489,"column":8},"end":{"line":489,"column":49}},"264":{"start":{"line":490,"column":8},"end":{"line":493,"column":11}},"265":{"start":{"line":495,"column":22},"end":{"line":495,"column":32}},"266":{"start":{"line":496,"column":6},"end":{"line":496,"column":34}},"267":{"start":{"line":497,"column":6},"end":{"line":497,"column":31}},"268":{"start":{"line":498,"column":6},"end":{"line":498,"column":31}},"269":{"start":{"line":499,"column":6},"end":{"line":499,"column":35}},"270":{"start":{"line":500,"column":6},"end":{"line":508,"column":9}},"271":{"start":{"line":509,"column":6},"end":{"line":517,"column":9}},"272":{"start":{"line":518,"column":6},"end":{"line":518,"column":31}},"273":{"start":{"line":519,"column":6},"end":{"line":519,"column":31}},"274":{"start":{"line":520,"column":6},"end":{"line":520,"column":36}},"275":{"start":{"line":521,"column":6},"end":{"line":521,"column":35}},"276":{"start":{"line":522,"column":6},"end":{"line":522,"column":35}},"277":{"start":{"line":523,"column":6},"end":{"line":549,"column":9}},"278":{"start":{"line":524,"column":8},"end":{"line":529,"column":9}},"279":{"start":{"line":525,"column":10},"end":{"line":528,"column":13}},"280":{"start":{"line":530,"column":8},"end":{"line":548,"column":11}},"281":{"start":{"line":531,"column":10},"end":{"line":536,"column":11}},"282":{"start":{"line":532,"column":12},"end":{"line":535,"column":15}},"283":{"start":{"line":537,"column":10},"end":{"line":541,"column":12}},"284":{"start":{"line":542,"column":10},"end":{"line":547,"column":13}},"285":{"start":{"line":554,"column":0},"end":{"line":588,"column":2}},"286":{"start":{"line":555,"column":15},"end":{"line":555,"column":23}},"287":{"start":{"line":556,"column":19},"end":{"line":556,"column":36}},"288":{"start":{"line":557,"column":19},"end":{"line":557,"column":36}},"289":{"start":{"line":558,"column":2},"end":{"line":560,"column":3}},"290":{"start":{"line":559,"column":4},"end":{"line":559,"column":60}},"291":{"start":{"line":561,"column":2},"end":{"line":561,"column":26}},"292":{"start":{"line":562,"column":2},"end":{"line":587,"column":5}},"293":{"start":{"line":563,"column":4},"end":{"line":567,"column":5}},"294":{"start":{"line":564,"column":6},"end":{"line":564,"column":23}},"295":{"start":{"line":565,"column":6},"end":{"line":565,"column":60}},"296":{"start":{"line":566,"column":6},"end":{"line":566,"column":72}},"297":{"start":{"line":568,"column":4},"end":{"line":586,"column":7}},"298":{"start":{"line":569,"column":6},"end":{"line":574,"column":7}},"299":{"start":{"line":570,"column":8},"end":{"line":573,"column":11}},"300":{"start":{"line":575,"column":20},"end":{"line":575,"column":42}},"301":{"start":{"line":576,"column":6},"end":{"line":576,"column":25}},"302":{"start":{"line":577,"column":6},"end":{"line":585,"column":9}},"303":{"start":{"line":578,"column":8},"end":{"line":583,"column":9}},"304":{"start":{"line":579,"column":10},"end":{"line":582,"column":13}},"305":{"start":{"line":584,"column":8},"end":{"line":584,"column":50}},"306":{"start":{"line":590,"column":0},"end":{"line":693,"column":2}},"307":{"start":{"line":591,"column":15},"end":{"line":591,"column":23}},"308":{"start":{"line":592,"column":2},"end":{"line":594,"column":3}},"309":{"start":{"line":593,"column":4},"end":{"line":593,"column":60}},"310":{"start":{"line":595,"column":19},"end":{"line":595,"column":36}},"311":{"start":{"line":596,"column":19},"end":{"line":596,"column":36}},"312":{"start":{"line":597,"column":2},"end":{"line":599,"column":3}},"313":{"start":{"line":598,"column":4},"end":{"line":598,"column":74}},"314":{"start":{"line":600,"column":2},"end":{"line":602,"column":3}},"315":{"start":{"line":601,"column":4},"end":{"line":601,"column":74}},"316":{"start":{"line":603,"column":19},"end":{"line":603,"column":36}},"317":{"start":{"line":604,"column":17},"end":{"line":604,"column":32}},"318":{"start":{"line":605,"column":20},"end":{"line":605,"column":49}},"319":{"start":{"line":606,"column":2},"end":{"line":610,"column":3}},"320":{"start":{"line":607,"column":4},"end":{"line":607,"column":47}},"321":{"start":{"line":608,"column":4},"end":{"line":608,"column":53}},"322":{"start":{"line":609,"column":4},"end":{"line":609,"column":77}},"323":{"start":{"line":611,"column":2},"end":{"line":692,"column":5}},"324":{"start":{"line":612,"column":4},"end":{"line":614,"column":5}},"325":{"start":{"line":613,"column":6},"end":{"line":613,"column":66}},"326":{"start":{"line":615,"column":4},"end":{"line":691,"column":7}},"327":{"start":{"line":616,"column":6},"end":{"line":690,"column":7}},"328":{"start":{"line":617,"column":8},"end":{"line":687,"column":11}},"329":{"start":{"line":618,"column":10},"end":{"line":686,"column":13}},"330":{"start":{"line":619,"column":26},"end":{"line":619,"column":48}},"331":{"start":{"line":620,"column":12},"end":{"line":620,"column":31}},"332":{"start":{"line":621,"column":12},"end":{"line":621,"column":33}},"333":{"start":{"line":622,"column":12},"end":{"line":622,"column":37}},"334":{"start":{"line":623,"column":12},"end":{"line":623,"column":42}},"335":{"start":{"line":624,"column":12},"end":{"line":624,"column":43}},"336":{"start":{"line":625,"column":12},"end":{"line":625,"column":39}},"337":{"start":{"line":626,"column":12},"end":{"line":626,"column":36}},"338":{"start":{"line":627,"column":12},"end":{"line":627,"column":36}},"339":{"start":{"line":628,"column":12},"end":{"line":628,"column":34}},"340":{"start":{"line":629,"column":12},"end":{"line":629,"column":36}},"341":{"start":{"line":630,"column":12},"end":{"line":630,"column":44}},"342":{"start":{"line":631,"column":12},"end":{"line":639,"column":15}},"343":{"start":{"line":640,"column":12},"end":{"line":685,"column":15}},"344":{"start":{"line":641,"column":14},"end":{"line":647,"column":15}},"345":{"start":{"line":642,"column":16},"end":{"line":642,"column":33}},"346":{"start":{"line":643,"column":16},"end":{"line":646,"column":19}},"347":{"start":{"line":648,"column":14},"end":{"line":648,"column":35}},"348":{"start":{"line":649,"column":14},"end":{"line":649,"column":38}},"349":{"start":{"line":650,"column":14},"end":{"line":650,"column":38}},"350":{"start":{"line":651,"column":14},"end":{"line":651,"column":42}},"351":{"start":{"line":652,"column":14},"end":{"line":652,"column":38}},"352":{"start":{"line":653,"column":14},"end":{"line":661,"column":17}},"353":{"start":{"line":662,"column":14},"end":{"line":670,"column":17}},"354":{"start":{"line":671,"column":14},"end":{"line":671,"column":41}},"355":{"start":{"line":672,"column":14},"end":{"line":684,"column":17}},"356":{"start":{"line":673,"column":16},"end":{"line":679,"column":17}},"357":{"start":{"line":674,"column":18},"end":{"line":674,"column":35}},"358":{"start":{"line":675,"column":18},"end":{"line":678,"column":21}},"359":{"start":{"line":680,"column":16},"end":{"line":683,"column":19}},"360":{"start":{"line":689,"column":8},"end":{"line":689,"column":76}},"361":{"start":{"line":695,"column":0},"end":{"line":738,"column":2}},"362":{"start":{"line":696,"column":2},"end":{"line":698,"column":3}},"363":{"start":{"line":697,"column":4},"end":{"line":697,"column":60}},"364":{"start":{"line":700,"column":19},"end":{"line":700,"column":36}},"365":{"start":{"line":701,"column":19},"end":{"line":701,"column":36}},"366":{"start":{"line":702,"column":19},"end":{"line":702,"column":33}},"367":{"start":{"line":703,"column":2},"end":{"line":737,"column":5}},"368":{"start":{"line":704,"column":4},"end":{"line":708,"column":5}},"369":{"start":{"line":705,"column":6},"end":{"line":705,"column":23}},"370":{"start":{"line":706,"column":6},"end":{"line":706,"column":60}},"371":{"start":{"line":707,"column":6},"end":{"line":707,"column":72}},"372":{"start":{"line":709,"column":4},"end":{"line":722,"column":7}},"373":{"start":{"line":710,"column":6},"end":{"line":721,"column":8}},"374":{"start":{"line":715,"column":10},"end":{"line":718,"column":11}},"375":{"start":{"line":716,"column":12},"end":{"line":716,"column":45}},"376":{"start":{"line":717,"column":12},"end":{"line":717,"column":69}},"377":{"start":{"line":719,"column":10},"end":{"line":719,"column":50}},"378":{"start":{"line":723,"column":4},"end":{"line":736,"column":6}},"379":{"start":{"line":730,"column":8},"end":{"line":733,"column":9}},"380":{"start":{"line":731,"column":10},"end":{"line":731,"column":50}},"381":{"start":{"line":732,"column":10},"end":{"line":732,"column":74}},"382":{"start":{"line":734,"column":8},"end":{"line":734,"column":59}},"383":{"start":{"line":739,"column":0},"end":{"line":878,"column":2}},"384":{"start":{"line":740,"column":2},"end":{"line":742,"column":3}},"385":{"start":{"line":741,"column":4},"end":{"line":741,"column":60}},"386":{"start":{"line":743,"column":15},"end":{"line":743,"column":23}},"387":{"start":{"line":744,"column":19},"end":{"line":744,"column":36}},"388":{"start":{"line":745,"column":19},"end":{"line":745,"column":36}},"389":{"start":{"line":746,"column":20},"end":{"line":746,"column":49}},"390":{"start":{"line":747,"column":2},"end":{"line":753,"column":3}},"391":{"start":{"line":748,"column":4},"end":{"line":748,"column":41}},"392":{"start":{"line":749,"column":4},"end":{"line":752,"column":7}},"393":{"start":{"line":754,"column":2},"end":{"line":877,"column":3}},"394":{"start":{"line":755,"column":4},"end":{"line":755,"column":33}},"395":{"start":{"line":756,"column":4},"end":{"line":873,"column":7}},"396":{"start":{"line":757,"column":6},"end":{"line":760,"column":7}},"397":{"start":{"line":758,"column":8},"end":{"line":758,"column":36}},"398":{"start":{"line":759,"column":8},"end":{"line":759,"column":65}},"399":{"start":{"line":761,"column":26},"end":{"line":761,"column":65}},"400":{"start":{"line":762,"column":6},"end":{"line":765,"column":7}},"401":{"start":{"line":763,"column":8},"end":{"line":763,"column":48}},"402":{"start":{"line":764,"column":8},"end":{"line":764,"column":77}},"403":{"start":{"line":766,"column":6},"end":{"line":766,"column":42}},"404":{"start":{"line":767,"column":6},"end":{"line":781,"column":7}},"405":{"start":{"line":768,"column":8},"end":{"line":768,"column":50}},"406":{"start":{"line":769,"column":30},"end":{"line":769,"column":49}},"407":{"start":{"line":770,"column":28},"end":{"line":770,"column":70}},"408":{"start":{"line":771,"column":8},"end":{"line":777,"column":9}},"409":{"start":{"line":772,"column":10},"end":{"line":772,"column":48}},"410":{"start":{"line":773,"column":10},"end":{"line":776,"column":13}},"411":{"start":{"line":778,"column":8},"end":{"line":778,"column":35}},"412":{"start":{"line":779,"column":8},"end":{"line":779,"column":60}},"413":{"start":{"line":780,"column":8},"end":{"line":780,"column":66}},"414":{"start":{"line":782,"column":28},"end":{"line":782,"column":47}},"415":{"start":{"line":783,"column":6},"end":{"line":783,"column":59}},"416":{"start":{"line":784,"column":6},"end":{"line":852,"column":9}},"417":{"start":{"line":793,"column":8},"end":{"line":793,"column":47}},"418":{"start":{"line":794,"column":8},"end":{"line":794,"column":69}},"419":{"start":{"line":796,"column":10},"end":{"line":796,"column":57}},"420":{"start":{"line":797,"column":30},"end":{"line":797,"column":32}},"421":{"start":{"line":798,"column":8},"end":{"line":804,"column":10}},"422":{"start":{"line":800,"column":12},"end":{"line":802,"column":13}},"423":{"start":{"line":801,"column":14},"end":{"line":801,"column":38}},"424":{"start":{"line":805,"column":8},"end":{"line":807,"column":9}},"425":{"start":{"line":806,"column":10},"end":{"line":806,"column":78}},"426":{"start":{"line":809,"column":10},"end":{"line":809,"column":57}},"427":{"start":{"line":810,"column":8},"end":{"line":850,"column":11}},"428":{"start":{"line":835,"column":26},"end":{"line":835,"column":27}},"429":{"start":{"line":838,"column":10},"end":{"line":839,"column":65}},"430":{"start":{"line":840,"column":10},"end":{"line":844,"column":20}},"431":{"start":{"line":845,"column":10},"end":{"line":849,"column":18}},"432":{"start":{"line":851,"column":8},"end":{"line":851,"column":37}},"433":{"start":{"line":853,"column":6},"end":{"line":853,"column":38}},"434":{"start":{"line":854,"column":6},"end":{"line":872,"column":9}},"435":{"start":{"line":855,"column":8},"end":{"line":855,"column":34}},"436":{"start":{"line":856,"column":8},"end":{"line":856,"column":34}},"437":{"start":{"line":857,"column":8},"end":{"line":871,"column":11}},"438":{"start":{"line":858,"column":10},"end":{"line":863,"column":11}},"439":{"start":{"line":859,"column":12},"end":{"line":862,"column":15}},"440":{"start":{"line":864,"column":10},"end":{"line":870,"column":13}},"441":{"start":{"line":865,"column":12},"end":{"line":868,"column":13}},"442":{"start":{"line":866,"column":14},"end":{"line":866,"column":31}},"443":{"start":{"line":867,"column":14},"end":{"line":867,"column":60}},"444":{"start":{"line":869,"column":12},"end":{"line":869,"column":66}},"445":{"start":{"line":875,"column":4},"end":{"line":875,"column":44}},"446":{"start":{"line":876,"column":4},"end":{"line":876,"column":73}},"447":{"start":{"line":880,"column":0},"end":{"line":895,"column":2}},"448":{"start":{"line":881,"column":15},"end":{"line":881,"column":23}},"449":{"start":{"line":882,"column":19},"end":{"line":882,"column":36}},"450":{"start":{"line":883,"column":19},"end":{"line":883,"column":36}},"451":{"start":{"line":884,"column":2},"end":{"line":886,"column":3}},"452":{"start":{"line":885,"column":4},"end":{"line":885,"column":60}},"453":{"start":{"line":887,"column":2},"end":{"line":894,"column":5}},"454":{"start":{"line":888,"column":4},"end":{"line":892,"column":5}},"455":{"start":{"line":889,"column":6},"end":{"line":889,"column":23}},"456":{"start":{"line":890,"column":6},"end":{"line":890,"column":60}},"457":{"start":{"line":891,"column":6},"end":{"line":891,"column":72}},"458":{"start":{"line":893,"column":4},"end":{"line":893,"column":39}},"459":{"start":{"line":896,"column":0},"end":{"line":917,"column":2}},"460":{"start":{"line":897,"column":19},"end":{"line":897,"column":36}},"461":{"start":{"line":898,"column":19},"end":{"line":898,"column":36}},"462":{"start":{"line":899,"column":14},"end":{"line":899,"column":26}},"463":{"start":{"line":900,"column":15},"end":{"line":900,"column":28}},"464":{"start":{"line":901,"column":2},"end":{"line":903,"column":3}},"465":{"start":{"line":902,"column":4},"end":{"line":902,"column":60}},"466":{"start":{"line":904,"column":2},"end":{"line":916,"column":4}},"467":{"start":{"line":910,"column":6},"end":{"line":913,"column":7}},"468":{"start":{"line":911,"column":8},"end":{"line":911,"column":25}},"469":{"start":{"line":912,"column":8},"end":{"line":912,"column":65}},"470":{"start":{"line":914,"column":6},"end":{"line":914,"column":80}},"471":{"start":{"line":919,"column":0},"end":{"line":951,"column":2}},"472":{"start":{"line":920,"column":2},"end":{"line":922,"column":3}},"473":{"start":{"line":921,"column":4},"end":{"line":921,"column":60}},"474":{"start":{"line":923,"column":15},"end":{"line":923,"column":23}},"475":{"start":{"line":924,"column":19},"end":{"line":924,"column":32}},"476":{"start":{"line":925,"column":15},"end":{"line":925,"column":28}},"477":{"start":{"line":926,"column":22},"end":{"line":926,"column":42}},"478":{"start":{"line":927,"column":2},"end":{"line":950,"column":5}},"479":{"start":{"line":928,"column":4},"end":{"line":932,"column":5}},"480":{"start":{"line":929,"column":6},"end":{"line":929,"column":23}},"481":{"start":{"line":930,"column":6},"end":{"line":930,"column":60}},"482":{"start":{"line":931,"column":6},"end":{"line":931,"column":72}},"483":{"start":{"line":933,"column":4},"end":{"line":933,"column":28}},"484":{"start":{"line":934,"column":22},"end":{"line":934,"column":47}},"485":{"start":{"line":935,"column":4},"end":{"line":935,"column":45}},"486":{"start":{"line":936,"column":4},"end":{"line":949,"column":7}},"487":{"start":{"line":937,"column":6},"end":{"line":948,"column":7}},"488":{"start":{"line":938,"column":8},"end":{"line":938,"column":25}},"489":{"start":{"line":939,"column":8},"end":{"line":939,"column":73}},"490":{"start":{"line":941,"column":8},"end":{"line":947,"column":11}},"491":{"start":{"line":942,"column":10},"end":{"line":942,"column":27}},"492":{"start":{"line":943,"column":10},"end":{"line":945,"column":11}},"493":{"start":{"line":944,"column":12},"end":{"line":944,"column":77}},"494":{"start":{"line":946,"column":10},"end":{"line":946,"column":71}},"495":{"start":{"line":953,"column":0},"end":{"line":996,"column":2}},"496":{"start":{"line":954,"column":2},"end":{"line":956,"column":3}},"497":{"start":{"line":955,"column":4},"end":{"line":955,"column":60}},"498":{"start":{"line":957,"column":15},"end":{"line":957,"column":23}},"499":{"start":{"line":958,"column":19},"end":{"line":958,"column":32}},"500":{"start":{"line":959,"column":15},"end":{"line":959,"column":28}},"501":{"start":{"line":960,"column":20},"end":{"line":960,"column":38}},"502":{"start":{"line":961,"column":20},"end":{"line":961,"column":38}},"503":{"start":{"line":962,"column":25},"end":{"line":962,"column":48}},"504":{"start":{"line":963,"column":26},"end":{"line":963,"column":50}},"505":{"start":{"line":964,"column":20},"end":{"line":964,"column":38}},"506":{"start":{"line":966,"column":2},"end":{"line":995,"column":5}},"507":{"start":{"line":967,"column":4},"end":{"line":971,"column":5}},"508":{"start":{"line":968,"column":6},"end":{"line":968,"column":23}},"509":{"start":{"line":969,"column":6},"end":{"line":969,"column":60}},"510":{"start":{"line":970,"column":6},"end":{"line":970,"column":72}},"511":{"start":{"line":972,"column":18},"end":{"line":972,"column":29}},"512":{"start":{"line":973,"column":4},"end":{"line":973,"column":27}},"513":{"start":{"line":974,"column":4},"end":{"line":974,"column":27}},"514":{"start":{"line":975,"column":4},"end":{"line":975,"column":37}},"515":{"start":{"line":976,"column":4},"end":{"line":976,"column":27}},"516":{"start":{"line":977,"column":4},"end":{"line":977,"column":44}},"517":{"start":{"line":978,"column":17},"end":{"line":978,"column":29}},"518":{"start":{"line":979,"column":4},"end":{"line":979,"column":30}},"519":{"start":{"line":980,"column":4},"end":{"line":980,"column":69}},"520":{"start":{"line":981,"column":4},"end":{"line":981,"column":31}},"521":{"start":{"line":982,"column":4},"end":{"line":982,"column":28}},"522":{"start":{"line":983,"column":4},"end":{"line":983,"column":34}},"523":{"start":{"line":984,"column":4},"end":{"line":994,"column":7}},"524":{"start":{"line":985,"column":6},"end":{"line":985,"column":35}},"525":{"start":{"line":986,"column":6},"end":{"line":992,"colu
[...]
{"start":{"line":156,"column":6},"end":{"line":156,"column":13}},"86":{"start":{"line":158,"column":4},"end":{"line":175,"column":5}},"87":{"start":{"line":158,"column":17},"end":{"line":158,"column":18}},"88":{"start":{"line":159,"column":17},"end":{"line":159,"column":25}},"89":{"start":{"line":161,"column":23},"end":{"line":161,"column":25}},"90":{"start":{"line":162,"column":6},"end":{"line":166,"column":7}},"91":{"start":{"line":162,"column":19},"end":{"line":162,"column":20}},"92":{"start":{"line":163,"column":8},"end":{"line":165,"column":9}},"93":{"start":{"line":164,"column":10},"end":{"line":164,"column":25}},"94":{"start":{"line":167,"column":6},"end":{"line":174,"column":7}},"95":{"start":{"line":168,"column":8},"end":{"line":168,"column":42}},"96":{"start":{"line":169,"column":8},"end":{"line":173,"column":11}},"97":{"start":{"line":170,"column":10},"end":{"line":172,"column":11}},"98":{"start":{"line":171,"column":12},"end":{"line":171,"column":29}}},"fnMap":{"0":{"name":"(anonymous_0)","decl":{"start":{"line":4,"column":20},"end":{"line":4,"column":21}},"loc":{"start":{"line":4,"column":26},"end":{"line":49,"column":1}},"line":4},"1":{"name":"(anonymous_1)","decl":{"start":{"line":22,"column":16},"end":{"line":22,"column":17}},"loc":{"start":{"line":22,"column":32},"end":{"line":48,"column":3}},"line":22},"2":{"name":"(anonymous_2)","decl":{"start":{"line":29,"column":20},"end":{"line":29,"column":21}},"loc":{"start":{"line":29,"column":27},"end":{"line":33,"column":7}},"line":29},"3":{"name":"(anonymous_3)","decl":{"start":{"line":35,"column":31},"end":{"line":35,"column":32}},"loc":{"start":{"line":35,"column":38},"end":{"line":47,"column":5}},"line":35},"4":{"name":"(anonymous_4)","decl":{"start":{"line":41,"column":22},"end":{"line":41,"column":23}},"loc":{"start":{"line":41,"column":38},"end":{"line":45,"column":9}},"line":41},"5":{"name":"(anonymous_5)","decl":{"start":{"line":42,"column":24},"end":{"line":42,"column":25}},"loc":{"start":{"line":42,"column":32},"end":{"line":44,"column":11}},"line":42},"6":{"name":"(anonymous_6)","decl":{"start":{"line":67,"column":28},"end":{"line":67,"column":29}},"loc":{"start":{"line":67,"column":34},"end":{"line":84,"column":1}},"line":67},"7":{"name":"(anonymous_7)","decl":{"start":{"line":72,"column":10},"end":{"line":72,"column":11}},"loc":{"start":{"line":72,"column":25},"end":{"line":83,"column":5}},"line":72},"8":{"name":"(anonymous_8)","decl":{"start":{"line":86,"column":24},"end":{"line":86,"column":25}},"loc":{"start":{"line":86,"column":44},"end":{"line":130,"column":1}},"line":86},"9":{"name":"(anonymous_9)","decl":{"start":{"line":103,"column":39},"end":{"line":103,"column":40}},"loc":{"start":{"line":103,"column":55},"end":{"line":129,"column":3}},"line":103},"10":{"name":"(anonymous_10)","decl":{"start":{"line":122,"column":18},"end":{"line":122,"column":19}},"loc":{"start":{"line":122,"column":25},"end":{"line":126,"column":9}},"line":122},"11":{"name":"(anonymous_11)","decl":{"start":{"line":132,"column":22},"end":{"line":132,"column":23}},"loc":{"start":{"line":132,"column":28},"end":{"line":177,"column":1}},"line":132},"12":{"name":"(anonymous_12)","decl":{"start":{"line":150,"column":44},"end":{"line":150,"column":45}},"loc":{"start":{"line":150,"column":60},"end":{"line":176,"column":3}},"line":150},"13":{"name":"(anonymous_13)","decl":{"start":{"line":169,"column":18},"end":{"line":169,"column":19}},"loc":{"start":{"line":169,"column":25},"end":{"line":173,"column":9}},"line":169}},"branchMap":{"0":{"loc":{"start":{"line":30,"column":8},"end":{"line":32,"column":9}},"type":"if","locations":[{"start":{"line":30,"column":8},"end":{"line":32,"column":9}},{"start":{"line":30,"column":8},"end":{"line":32,"column":9}}],"line":30},"1":{"loc":{"start":{"line":36,"column":6},"end":{"line":46,"column":7}},"type":"if","locations":[{"start":{"line":36,"column":6},"end":{"line":46,"column":7}},{"start":{"line":36,"column":6},"end":{"line":46,"column":7}}],"line":36},"2":{"loc":{"start":{"line":73,"column":6},"end":{"line":75,"column":7}},"type":"if","locations":[{"start":{"line":73,"column":6},"end":{"line":75,"column":7}},{"start":{"line":73,"column":6},"end":{"line":75,"column":7}}],"line":73},"3":{"loc":{"start":{"line":104,"column":4},"end":{"line":107,"column":5}},"type":"if","locations":[{"start":{"line":104,"column":4},"end":{"line":107,"column":5}},{"start":{"line":104,"column":4},"end":{"line":107,"column":5}}],"line":104},"4":{"loc":{"start":{"line":108,"column":4},"end":{"line":110,"column":5}},"type":"if","locations":[{"start":{"line":108,"column":4},"end":{"line":110,"column":5}},{"start":{"line":108,"column":4},"end":{"line":110,"column":5}}],"line":108},"5":{"loc":{"start":{"line":116,"column":8},"end":{"line":118,"column":9}},"type":"if","locations":[{"start":{"line":116,"column":8},"end":{"line":118,"column":9}},{"start":{"line":116,"column":8},"end":{"line":118,"column":9}}],"line":116},"6":{"loc":{"start":{"line":120,"column":6},"end":{"line":127,"column":7}},"type":"if","locations":[{"start":{"line":120,"column":6},"end":{"line":127,"column":7}},{"start":{"line":120,"column":6},"end":{"line":127,"column":7}}],"line":120},"7":{"loc":{"start":{"line":123,"column":10},"end":{"line":125,"column":11}},"type":"if","locations":[{"start":{"line":123,"column":10},"end":{"line":125,"column":11}},{"start":{"line":123,"column":10},"end":{"line":125,"column":11}}],"line":123},"8":{"loc":{"start":{"line":151,"column":4},"end":{"line":154,"column":5}},"type":"if","locations":[{"start":{"line":151,"column":4},"end":{"line":154,"column":5}},{"start":{"line":151,"column":4},"end":{"line":154,"column":5}}],"line":151},"9":{"loc":{"start":{"line":155,"column":4},"end":{"line":157,"column":5}},"type":"if","locations":[{"start":{"line":155,"column":4},"end":{"line":157,"column":5}},{"start":{"line":155,"column":4},"end":{"line":157,"column":5}}],"line":155},"10":{"loc":{"start":{"line":163,"column":8},"end":{"line":165,"column":9}},"type":"if","locations":[{"start":{"line":163,"column":8},"end":{"line":165,"column":9}},{"start":{"line":163,"column":8},"end":{"line":165,"column":9}}],"line":163},"11":{"loc":{"start":{"line":167,"column":6},"end":{"line":174,"column":7}},"type":"if","locations":[{"start":{"line":167,"column":6},"end":{"line":174,"column":7}},{"start":{"line":167,"column":6},"end":{"line":174,"column":7}}],"line":167},"12":{"loc":{"start":{"line":170,"column":10},"end":{"line":172,"column":11}},"type":"if","locations":[{"start":{"line":170,"column":10},"end":{"line":172,"column":11}},{"start":{"line":170,"column":10},"end":{"line":172,"column":11}}],"line":170}},"s":{"0":0,"1":0,"2":0,"3":0,"4":0,"5":0,"6":0,"7":0,"8":0,"9":0,"10":0,"11":0,"12":0,"13":0,"14":0,"15":0,"16":0,"17":0,"18":0,"19":0,"20":0,"21":0,"22":0,"23":0,"24":0,"25":0,"26":0,"27":0,"28":0,"29":0,"30":0,"31":0,"32":0,"33":0,"34":0,"35":0,"36":0,"37":0,"38":0,"39":0,"40":0,"41":0,"42":0,"43":0,"44":0,"45":0,"46":0,"47":0,"48":0,"49":0,"50":0,"51":0,"52":0,"53":0,"54":0,"55":0,"56":0,"57":0,"58":0,"59":0,"60":0,"61":0,"62":0,"63":0,"64":0,"65":0,"66":0,"67":0,"68":0,"69":0,"70":0,"71":0,"72":0,"73":0,"74":0,"75":0,"76":0,"77":0,"78":0,"79":0,"80":0,"81":0,"82":0,"83":0,"84":0,"85":0,"86":0,"87":0,"88":0,"89":0,"90":0,"91":0,"92":0,"93":0,"94":0,"95":0,"96":0,"97":0,"98":0},"f":{"0":0,"1":0,"2":0,"3":0,"4":0,"5":0,"6":0,"7":0,"8":0,"9":0,"10":0,"11":0,"12":0,"13":0},"b":{"0":[0,0],"1":[0,0],"2":[0,0],"3":[0,0],"4":[0,0],"5":[0,0],"6":[0,0],"7":[0,0],"8":[0,0],"9":[0,0],"10":[0,0],"11":[0,0],"12":[0,0]},"hash":"e37f5d2ccd063dff91b1769f37050c6e7953f117"}
,"/Users/ze0tron/scrimUp/scrimUp-backend/api/utils/emails.js": {"path":"/Users/ze0tron/scrimUp/scrimUp-backend/api/utils/emails.js","statementMap":{"0":{"start":{"line":1,"column":15},"end":{"line":1,"column":40}},"1":{"start":{"line":2,"column":11},"end":{"line":2,"column":24}},"2":{"start":{"line":3,"column":27},"end":{"line":3,"column":29}},"3":{"start":{"line":4,"column":29},"end":{"line":4,"column":31}},"4":{"start":{"line":5,"column":0},"end":{"line":11,"column":3}},"5":{"start":{"line":6,"column":2},"end":{"line":10,"column":3}},"6":{"start":{"line":7,"column":4},"end":{"line":7,"column":21}},"7":{"start":{"line":9,"column":4},"end":{"line":9,"column":36}},"8":{"start":{"line":12,"column":0},"end":{"line":22,"column":2}},"9":{"start":{"line":16,"column":4},"end":{"line":20,"column":5}},"10":{"start":{"line":17,"column":6},"end":{"line":17,"column":23}},"11":{"start":{"line":19,"column":6},"end":{"line":19,"column":40}},"12":{"start":{"line":23,"column":0},"end":{"line":38,"column":2}},"13":{"start":{"line":24,"column":2},"end":{"line":37,"column":3}},"14":{"start":{"line":25,"column":4},"end":{"line":25,"column":51}},"15":{"start":{"line":26,"column":16},"end":{"line":35,"column":5}},"16":{"start":{"line":36,"column":4},"end":{"line":36,"column":21}},"17":{"start":{"line":39,"column":0},"end":{"line":49,"column":2}},"18":{"start":{"line":40,"column":2},"end":{"line":40,"column":49}},"19":{"start":{"line":41,"column":14},"end":{"line":47,"column":3}},"20":{"start":{"line":48,"column":2},"end":{"line":48,"column":19}}},"fnMap":{"0":{"name":"(anonymous_0)","decl":{"start":{"line":5,"column":59},"end":{"line":5,"column":60}},"loc":{"start":{"line":5,"column":78},"end":{"line":11,"column":1}},"line":5},"1":{"name":"(anonymous_1)","decl":{"start":{"line":15,"column":2},"end":{"line":15,"column":3}},"loc":{"start":{"line":15,"column":21},"end":{"line":21,"column":3}},"line":15},"2":{"name":"(anonymous_2)","decl":{"start":{"line":23,"column":31},"end":{"line":23,"column":32}},"loc":{"start":{"line":23,"column":60},"end":{"line":38,"column":1}},"line":23},"3":{"name":"(anonymous_3)","decl":{"start":{"line":39,"column":33},"end":{"line":39,"column":34}},"loc":{"start":{"line":39,"column":56},"end":{"line":49,"column":1}},"line":39}},"branchMap":{"0":{"loc":{"start":{"line":6,"column":2},"end":{"line":10,"column":3}},"type":"if","locations":[{"start":{"line":6,"column":2},"end":{"line":10,"column":3}},{"start":{"line":6,"column":2},"end":{"line":10,"column":3}}],"line":6},"1":{"loc":{"start":{"line":16,"column":4},"end":{"line":20,"column":5}},"type":"if","locations":[{"start":{"line":16,"column":4},"end":{"line":20,"column":5}},{"start":{"line":16,"column":4},"end":{"line":20,"column":5}}],"line":16},"2":{"loc":{"start":{"line":24,"column":2},"end":{"line":37,"column":3}},"type":"if","locations":[{"start":{"line":24,"column":2},"end":{"line":37,"column":3}},{"start":{"line":24,"column":2},"end":{"line":37,"column":3}}],"line":24}},"s":{"0":2,"1":2,"2":2,"3":2,"4":2,"5":1,"6":0,"7":1,"8":2,"9":1,"10":0,"11":1,"12":2,"13":16,"14":0,"15":0,"16":0,"17":2,"18":0,"19":0,"20":0},"f":{"0":1,"1":1,"2":16,"3":0},"b":{"0":[0,1],"1":[0,1],"2":[0,16]},"_coverageSchema":"43e27e138ebf9cfc5966b082cf9a028302ed4184","hash":"829d445adfc2b153199bd13ef2b9b90ac30a6f8b"}
,"/Users/ze0tron/scrimUp/scrimUp-backend/api/utils/firebase.js": {"path":"/Users/ze0tron/scrimUp/scrimUp-backend/api/utils/firebase.js","statementMap":{"0":{"start":{"line":1,"column":14},"end":{"line":1,"column":39}},"1":{"start":{"line":3,"column":23},"end":{"line":3,"column":93}},"2":{"start":{"line":5,"column":0},"end":{"line":8,"column":3}},"3":{"start":{"line":9,"column":0},"end":{"line":9,"column":23}}},"fnMap":{},"branchMap":{},"s":{"0":2,"1":2,"2":2,"3":2},"f":{},"b":{},"_coverageSchema":"43e27e138ebf9cfc5966b082cf9a028302ed4184","hash":"af4b49e18f1b4b5af4738688145da31e73a55f0a"}
,"/Users/ze0tron/scrimUp/scrimUp-backend/api/utils/notifications.js": {"path":"/Users/ze0tron/scrimUp/scrimUp-backend/api/utils/notifications.js","statementMap":{"0":{"start":{"line":1,"column":14},"end":{"line":1,"column":35}},"1":{"start":{"line":2,"column":13},"end":{"line":2,"column":38}},"2":{"start":{"line":4,"column":25},"end":{"line":15,"column":1}},"3":{"start":{"line":5,"column":2},"end":{"line":14,"column":7}},"4":{"start":{"line":9,"column":6},"end":{"line":9,"column":26}},"5":{"start":{"line":13,"column":6},"end":{"line":13,"column":51}},"6":{"start":{"line":17,"column":17},"end":{"line":29,"column":1}},"7":{"start":{"line":18,"column":2},"end":{"line":28,"column":5}},"8":{"start":{"line":19,"column":4},"end":{"line":27,"column":9}},"9":{"start":{"line":22,"column":8},"end":{"line":25,"column":9}},"10":{"start":{"line":23,"column":10},"end":{"line":23,"column":27}},"11":{"start":{"line":24,"column":10},"end":{"line":24,"column":22}},"12":{"start":{"line":26,"column":8},"end":{"line":26,"column":36}},"13":{"start":{"line":31,"column":0},"end":{"line":45,"column":2}},"14":{"start":{"line":32,"column":2},"end":{"line":44,"column":5}},"15":{"start":{"line":33,"column":4},"end":{"line":43,"column":7}},"16":{"start":{"line":34,"column":20},"end":{"line":41,"column":7}},"17":{"start":{"line":42,"column":6},"end":{"line":42,"column":32}},"18":{"start":{"line":47,"column":0},"end":{"line":60,"column":2}},"19":{"start":{"line":48,"column":2},"end":{"line":48,"column":21}},"20":{"start":{"line":49,"column":2},"end":{"line":59,"column":5}},"21":{"start":{"line":50,"column":4},"end":{"line":50,"column":23}},"22":{"start":{"line":51,"column":18},"end":{"line":57,"column":5}},"23":{"start":{"line":58,"column":4},"end":{"line":58,"column":30}},"24":{"start":{"line":62,"column":0},"end":{"line":73,"column":2}},"25":{"start":{"line":63,"column":2},"end":{"line":72,"column":5}},"26":{"start":{"line":64,"column":18},"end":{"line":70,"column":5}},"27":{"start":{"line":71,"column":4},"end":{"line":71,"column":30}},"28":{"start":{"line":75,"column":0},"end":{"line":86,"column":2}},"29":{"start":{"line":76,"column":2},"end":{"line":85,"column":5}},"30":{"start":{"line":77,"column":18},"end":{"line":83,"column":5}},"31":{"start":{"line":84,"column":4},"end":{"line":84,"column":30}},"32":{"start":{"line":88,"column":0},"end":{"line":99,"column":2}},"33":{"start":{"line":89,"column":2},"end":{"line":98,"column":5}},"34":{"start":{"line":90,"column":18},"end":{"line":96,"column":5}},"35":{"start":{"line":97,"column":4},"end":{"line":97,"column":30}},"36":{"start":{"line":101,"column":0},"end":{"line":112,"column":2}},"37":{"start":{"line":102,"column":2},"end":{"line":111,"column":5}},"38":{"start":{"line":103,"column":18},"end":{"line":109,"column":5}},"39":{"start":{"line":110,"column":4},"end":{"line":110,"column":30}},"40":{"start":{"line":114,"column":0},"end":{"line":125,"column":2}},"41":{"start":{"line":115,"column":2},"end":{"line":124,"column":5}},"42":{"start":{"line":116,"column":18},"end":{"line":122,"column":5}},"43":{"start":{"line":123,"column":4},"end":{"line":123,"column":30}},"44":{"start":{"line":127,"column":0},"end":{"line":138,"column":2}},"45":{"start":{"line":128,"column":2},"end":{"line":137,"column":5}},"46":{"start":{"line":129,"column":18},"end":{"line":135,"column":5}},"47":{"start":{"line":136,"column":4},"end":{"line":136,"column":30}}},"fnMap":{"0":{"name":"(anonymous_0)","decl":{"start":{"line":4,"column":25},"end":{"line":4,"column":26}},"loc":{"start":{"line":4,"column":36},"end":{"line":15,"column":1}},"line":4},"1":{"name":"(anonymous_1)","decl":{"start":{"line":8,"column":10},"end":{"line":8,"column":11}},"loc":{"start":{"line":8,"column":22},"end":{"line":11,"column":5}},"line":8},"2":{"name":"(anonymous_2)","decl":{"start":{"line":12,"column":11},"end":{"line":12,"column":12}},"loc":{"start":{"line":12,"column":20},"end":{"line":14,"column":5}},"line":12},"3":{"name":"(anonymous_3)","decl":{"start":{"line":17,"column":17},"end":{"line":17,"column":18}},"loc":{"start":{"line":17,"column":26},"end":{"line":29,"column":1}},"line":17},"4":{"name":"(anonymous_4)","decl":{"start":{"line":18,"column":21},"end":{"line":18,"column":22}},"loc":{"start":{"line":18,"column":42},"end":{"line":28,"column":3}},"line":18},"5":{"name":"(anonymous_5)","decl":{"start":{"line":21,"column":12},"end":{"line":21,"column":13}},"loc":{"start":{"line":21,"column":32},"end":{"line":27,"column":7}},"line":21},"6":{"name":"(anonymous_6)","decl":{"start":{"line":31,"column":40},"end":{"line":31,"column":41}},"loc":{"start":{"line":31,"column":49},"end":{"line":45,"column":1}},"line":31},"7":{"name":"(anonymous_7)","decl":{"start":{"line":32,"column":16},"end":{"line":32,"column":17}},"loc":{"start":{"line":32,"column":24},"end":{"line":44,"column":3}},"line":32},"8":{"name":"(anonymous_8)","decl":{"start":{"line":33,"column":24},"end":{"line":33,"column":25}},"loc":{"start":{"line":33,"column":33},"end":{"line":43,"column":5}},"line":33},"9":{"name":"(anonymous_9)","decl":{"start":{"line":47,"column":40},"end":{"line":47,"column":41}},"loc":{"start":{"line":47,"column":71},"end":{"line":60,"column":1}},"line":47},"10":{"name":"(anonymous_10)","decl":{"start":{"line":49,"column":23},"end":{"line":49,"column":24}},"loc":{"start":{"line":49,"column":32},"end":{"line":59,"column":3}},"line":49},"11":{"name":"(anonymous_11)","decl":{"start":{"line":62,"column":41},"end":{"line":62,"column":42}},"loc":{"start":{"line":62,"column":72},"end":{"line":73,"column":1}},"line":62},"12":{"name":"(anonymous_12)","decl":{"start":{"line":63,"column":23},"end":{"line":63,"column":24}},"loc":{"start":{"line":63,"column":32},"end":{"line":72,"column":3}},"line":63},"13":{"name":"(anonymous_13)","decl":{"start":{"line":75,"column":37},"end":{"line":75,"column":38}},"loc":{"start":{"line":75,"column":58},"end":{"line":86,"column":1}},"line":75},"14":{"name":"(anonymous_14)","decl":{"start":{"line":76,"column":23},"end":{"line":76,"column":24}},"loc":{"start":{"line":76,"column":32},"end":{"line":85,"column":3}},"line":76},"15":{"name":"(anonymous_15)","decl":{"start":{"line":88,"column":47},"end":{"line":88,"column":48}},"loc":{"start":{"line":88,"column":79},"end":{"line":99,"column":1}},"line":88},"16":{"name":"(anonymous_16)","decl":{"start":{"line":89,"column":23},"end":{"line":89,"column":24}},"loc":{"start":{"line":89,"column":32},"end":{"line":98,"column":3}},"line":89},"17":{"name":"(anonymous_17)","decl":{"start":{"line":101,"column":47},"end":{"line":101,"column":48}},"loc":{"start":{"line":101,"column":79},"end":{"line":112,"column":1}},"line":101},"18":{"name":"(anonymous_18)","decl":{"start":{"line":102,"column":23},"end":{"line":102,"column":24}},"loc":{"start":{"line":102,"column":32},"end":{"line":111,"column":3}},"line":102},"19":{"name":"(anonymous_19)","decl":{"start":{"line":114,"column":35},"end":{"line":114,"column":36}},"loc":{"start":{"line":114,"column":56},"end":{"line":125,"column":1}},"line":114},"20":{"name":"(anonymous_20)","decl":{"start":{"line":115,"column":23},"end":{"line":115,"column":24}},"loc":{"start":{"line":115,"column":32},"end":{"line":124,"column":3}},"line":115},"21":{"name":"(anonymous_21)","decl":{"start":{"line":127,"column":31},"end":{"line":127,"column":32}},"loc":{"start":{"line":127,"column":58},"end":{"line":138,"column":1}},"line":127},"22":{"name":"(anonymous_22)","decl":{"start":{"line":128,"column":23},"end":{"line":128,"column":24}},"loc":{"start":{"line":128,"column":32},"end":{"line":137,"column":3}},"line":128}},"branchMap":{"0":{"loc":{"start":{"line":22,"column":8},"end":{"line":25,"column":9}},"type":"if","locations":[{"start":{"line":22,"column":8},"end":{"line":25,"column":9}},{"start":{"line":22,"column":8},"end":{"line":25,"column":9}}],"line":22}},"s":{"0":2,"1":2,"2":2,"3":0,"4":0,"5":0,"6":2,"7":0,"8":0,"9":0,"10":0,"11":0,"12":0,"13":2,"14":0,"15":0,"16":0,"17":0,"18":2,"19":0,"20":0,"21":0,"22":0,"23":0,"24":2,"25":0,"26":0,"27":0,"28":2,"29":0,"30":0,"31":0,"32":2,"33":0,"34":0,"35":0,"36":2,"37":0,"38":0,"39":0,"40":2,"41":0,"42":0,"43":0,"44":2,"45":0,"46":0,"47":0},"f":{"0":0,"1":0,"2":0,"3":0,"4":0,"5":0,"6":0,"7":0,"8":0,"9":0,"10":0,"11":0,"12":0,"13":0,"14":0,"15":0,"16":0,"17":0,"18":0,"19":0,"20":0,"21":0,"22":0},"b":{"0":[0,0]},"_coverageSchema":"43e27e138ebf9cfc5966b082cf9a028302ed4184","hash":"efdc5ef376e9c72aa6d3b19e66468be342b8fea9"}
}
