TN:
SF:/Users/ze0tron/scrimUp/scrimUp-backend/api/controllers/account.js
FN:12,(anonymous_0)
FN:23,(anonymous_1)
FN:27,(anonymous_2)
FN:35,(anonymous_3)
FN:37,(anonymous_4)
FN:45,(anonymous_5)
FN:55,(anonymous_6)
FN:79,(anonymous_7)
FN:83,(anonymous_8)
FN:84,(anonymous_9)
FN:89,(anonymous_10)
FN:93,(anonymous_11)
FN:101,(anonymous_12)
FN:107,(anonymous_13)
FN:120,(anonymous_14)
FN:127,(anonymous_15)
FN:134,(anonymous_16)
FN:149,(anonymous_17)
FN:156,(anonymous_18)
FN:176,(anonymous_19)
FN:181,(anonymous_20)
FN:188,(anonymous_21)
FN:202,(anonymous_22)
FN:208,(anonymous_23)
FN:215,(anonymous_24)
FN:219,(anonymous_25)
FN:221,(anonymous_26)
FN:235,(anonymous_27)
FN:237,(anonymous_28)
FN:248,(anonymous_29)
FN:267,(anonymous_30)
FN:271,(anonymous_31)
FN:276,(anonymous_32)
FN:278,(anonymous_33)
FN:292,(anonymous_34)
FN:312,(anonymous_35)
FN:327,(anonymous_36)
FN:336,(anonymous_37)
FN:349,(anonymous_38)
FN:359,(anonymous_39)
FN:370,(anonymous_40)
FN:425,(anonymous_41)
FN:430,(anonymous_42)
FN:447,(anonymous_43)
FN:455,(anonymous_44)
FN:463,(anonymous_45)
FN:466,(anonymous_46)
FN:467,(anonymous_47)
FN:477,(anonymous_48)
FN:485,(anonymous_49)
FNF:50
FNH:18
FNDA:5,(anonymous_0)
FNDA:0,(anonymous_1)
FNDA:10032,(anonymous_2)
FNDA:16,(anonymous_3)
FNDA:16,(anonymous_4)
FNDA:16,(anonymous_5)
FNDA:0,(anonymous_6)
FNDA:16,(anonymous_7)
FNDA:1,(anonymous_8)
FNDA:1,(anonymous_9)
FNDA:16,(anonymous_10)
FNDA:16,(anonymous_11)
FNDA:16,(anonymous_12)
FNDA:16,(anonymous_13)
FNDA:0,(anonymous_14)
FNDA:0,(anonymous_15)
FNDA:0,(anonymous_16)
FNDA:0,(anonymous_17)
FNDA:0,(anonymous_18)
FNDA:16,(anonymous_19)
FNDA:16,(anonymous_20)
FNDA:16,(anonymous_21)
FNDA:0,(anonymous_22)
FNDA:0,(anonymous_23)
FNDA:0,(anonymous_24)
FNDA:0,(anonymous_25)
FNDA:0,(anonymous_26)
FNDA:0,(anonymous_27)
FNDA:0,(anonymous_28)
FNDA:0,(anonymous_29)
FNDA:0,(anonymous_30)
FNDA:0,(anonymous_31)
FNDA:0,(anonymous_32)
FNDA:0,(anonymous_33)
FNDA:0,(anonymous_34)
FNDA:0,(anonymous_35)
FNDA:0,(anonymous_36)
FNDA:0,(anonymous_37)
FNDA:0,(anonymous_38)
FNDA:0,(anonymous_39)
FNDA:0,(anonymous_40)
FNDA:0,(anonymous_41)
FNDA:0,(anonymous_42)
FNDA:0,(anonymous_43)
FNDA:0,(anonymous_44)
FNDA:2,(anonymous_45)
FNDA:1,(anonymous_46)
FNDA:15,(anonymous_47)
FNDA:0,(anonymous_48)
FNDA:0,(anonymous_49)
DA:1,2
DA:2,2
DA:3,2
DA:4,2
DA:5,2
DA:6,2
DA:7,2
DA:8,2
DA:12,2
DA:13,5
DA:15,5
DA:16,14
DA:17,4
DA:20,5
DA:23,2
DA:24,0
DA:27,2
DA:28,10032
DA:29,10032
DA:35,2
DA:36,16
DA:37,16
DA:38,16
DA:39,0
DA:40,0
DA:42,16
DA:43,0
DA:45,16
DA:46,16
DA:47,0
DA:48,0
DA:50,16
DA:51,16
DA:53,0
DA:54,0
DA:55,0
DA:56,0
DA:57,0
DA:58,0
DA:60,0
DA:63,0
DA:69,2
DA:79,2
DA:80,16
DA:83,2
DA:84,1
DA:85,1
DA:89,2
DA:90,16
DA:91,16
DA:92,16
DA:93,16
DA:94,16
DA:95,16
DA:96,0
DA:98,16
DA:99,16
DA:100,16
DA:101,16
DA:102,16
DA:103,16
DA:104,16
DA:105,16
DA:106,16
DA:107,16
DA:108,16
DA:109,0
DA:111,16
DA:112,16
DA:120,2
DA:121,0
DA:122,0
DA:123,0
DA:124,0
DA:125,0
DA:127,0
DA:128,0
DA:129,0
DA:130,0
DA:132,0
DA:133,0
DA:134,0
DA:135,0
DA:136,0
DA:137,0
DA:139,0
DA:140,0
DA:144,0
DA:149,2
DA:150,0
DA:151,0
DA:153,0
DA:154,0
DA:155,0
DA:156,0
DA:157,0
DA:158,0
DA:160,0
DA:161,0
DA:169,2
DA:177,16
DA:182,16
DA:183,16
DA:184,0
DA:188,16
DA:189,16
DA:190,0
DA:194,16
DA:202,2
DA:203,0
DA:205,0
DA:208,2
DA:209,0
DA:210,0
DA:211,0
DA:212,0
DA:213,0
DA:215,0
DA:216,0
DA:217,0
DA:219,0
DA:220,0
DA:221,0
DA:222,0
DA:223,0
DA:224,0
DA:229,0
DA:235,2
DA:236,0
DA:237,0
DA:238,0
DA:239,0
DA:240,0
DA:246,0
DA:247,0
DA:248,0
DA:249,0
DA:250,0
DA:251,0
DA:257,0
DA:258,0
DA:267,2
DA:268,0
DA:269,0
DA:270,0
DA:271,0
DA:272,0
DA:273,0
DA:274,0
DA:276,0
DA:277,0
DA:278,0
DA:279,0
DA:280,0
DA:281,0
DA:286,0
DA:292,2
DA:293,0
DA:294,0
DA:295,0
DA:298,0
DA:299,0
DA:300,0
DA:301,0
DA:302,0
DA:303,0
DA:304,0
DA:306,0
DA:316,0
DA:317,0
DA:318,0
DA:320,0
DA:321,0
DA:323,0
DA:324,0
DA:325,0
DA:326,0
DA:327,0
DA:328,0
DA:329,0
DA:330,0
DA:331,0
DA:332,0
DA:334,0
DA:336,0
DA:337,0
DA:338,0
DA:343,0
DA:350,0
DA:351,0
DA:353,0
DA:354,0
DA:359,0
DA:360,0
DA:361,0
DA:364,0
DA:365,0
DA:367,0
DA:369,0
DA:370,0
DA:371,0
DA:372,0
DA:375,0
DA:376,0
DA:383,0
DA:384,0
DA:409,0
DA:410,0
DA:412,0
DA:416,0
DA:418,0
DA:420,0
DA:425,0
DA:426,0
DA:427,0
DA:428,0
DA:430,0
DA:431,0
DA:432,0
DA:437,0
DA:447,2
DA:448,0
DA:449,0
DA:451,0
DA:452,0
DA:455,2
DA:456,0
DA:457,0
DA:459,0
DA:463,2
DA:464,2
DA:465,1
DA:466,1
DA:467,1
DA:468,15
DA:470,1
DA:473,1
DA:477,2
DA:478,0
DA:479,0
DA:481,0
DA:485,2
DA:486,0
DA:487,0
DA:489,0
DA:490,0
DA:491,0
DA:492,0
DA:493,0
DA:494,0
DA:495,0
DA:501,0
DA:505,2
DA:506,2
DA:507,2
DA:508,2
LF:256
LH:83
BRDA:16,0,0,4
BRDA:16,0,1,10
BRDA:38,1,0,0
BRDA:38,1,1,16
BRDA:42,2,0,0
BRDA:42,2,1,16
BRDA:46,3,0,0
BRDA:46,3,1,16
BRDA:50,4,0,16
BRDA:50,4,1,0
BRDA:53,5,0,0
BRDA:53,5,1,0
BRDA:56,6,0,0
BRDA:56,6,1,0
BRDA:94,7,0,0
BRDA:94,7,1,16
BRDA:95,8,0,0
BRDA:95,8,1,16
BRDA:108,9,0,0
BRDA:108,9,1,16
BRDA:124,10,0,0
BRDA:124,10,1,0
BRDA:128,11,0,0
BRDA:128,11,1,0
BRDA:128,12,0,0
BRDA:128,12,1,0
BRDA:132,13,0,0
BRDA:132,13,1,0
BRDA:135,14,0,0
BRDA:135,14,1,0
BRDA:150,15,0,0
BRDA:150,15,1,0
BRDA:157,16,0,0
BRDA:157,16,1,0
BRDA:182,17,0,0
BRDA:182,17,1,16
BRDA:183,18,0,0
BRDA:183,18,1,16
BRDA:189,19,0,0
BRDA:189,19,1,16
BRDA:212,20,0,0
BRDA:212,20,1,0
BRDA:216,21,0,0
BRDA:216,21,1,0
BRDA:222,22,0,0
BRDA:222,22,1,0
BRDA:238,23,0,0
BRDA:238,23,1,0
BRDA:238,24,0,0
BRDA:238,24,1,0
BRDA:249,25,0,0
BRDA:249,25,1,0
BRDA:272,26,0,0
BRDA:272,26,1,0
BRDA:279,27,0,0
BRDA:279,27,1,0
BRDA:293,28,0,0
BRDA:293,28,1,0
BRDA:303,29,0,0
BRDA:303,29,1,0
BRDA:303,30,0,0
BRDA:303,30,1,0
BRDA:316,31,0,0
BRDA:316,31,1,0
BRDA:320,32,0,0
BRDA:320,32,1,0
BRDA:337,33,0,0
BRDA:337,33,1,0
BRDA:350,34,0,0
BRDA:350,34,1,0
BRDA:353,35,0,0
BRDA:353,35,1,0
BRDA:360,36,0,0
BRDA:360,36,1,0
BRDA:371,37,0,0
BRDA:371,37,1,0
BRDA:375,38,0,0
BRDA:375,38,1,0
BRDA:426,39,0,0
BRDA:426,39,1,0
BRDA:431,40,0,0
BRDA:431,40,1,0
BRDA:448,41,0,0
BRDA:448,41,1,0
BRDA:456,42,0,0
BRDA:456,42,1,0
BRDA:464,43,0,1
BRDA:464,43,1,1
BRDA:478,44,0,0
BRDA:478,44,1,0
BRDA:486,45,0,0
BRDA:486,45,1,0
BRDA:494,46,0,0
BRDA:494,46,1,0
BRF:94
BRH:14
end_of_record
TN:
SF:/Users/ze0tron/scrimUp/scrimUp-backend/api/controllers/main.js
FN:2,(anonymous_0)
FNF:1
FNH:0
FNDA:0,(anonymous_0)
DA:2,2
DA:3,0
LF:2
LH:1
BRF:0
BRH:0
end_of_record
TN:
SF:/Users/ze0tron/scrimUp/scrimUp-backend/api/controllers/team.js
FN:15,(anonymous_0)
FN:18,(anonymous_1)
FN:26,(anonymous_2)
FN:27,(anonymous_3)
FN:34,(anonymous_4)
FN:45,(anonymous_5)
FN:46,(anonymous_6)
FN:53,(anonymous_7)
FN:64,(anonymous_8)
FN:65,(anonymous_9)
FN:71,(anonymous_10)
FN:81,(anonymous_11)
FN:83,(anonymous_12)
FN:90,(anonymous_13)
FN:92,(anonymous_14)
FN:100,(anonymous_15)
FN:108,(anonymous_16)
FN:126,(anonymous_17)
FN:137,(anonymous_18)
FN:145,(anonymous_19)
FN:176,(anonymous_20)
FN:191,(anonymous_21)
FN:225,(anonymous_22)
FN:239,(anonymous_23)
FN:250,(anonymous_24)
FN:264,(anonymous_25)
FN:268,(anonymous_26)
FN:290,(anonymous_27)
FN:297,(anonymous_28)
FN:307,(anonymous_29)
FN:320,(anonymous_30)
FN:327,(anonymous_31)
FN:348,(anonymous_32)
FN:354,(anonymous_33)
FN:359,(anonymous_34)
FN:384,(anonymous_35)
FN:386,(anonymous_36)
FN:392,(anonymous_37)
FN:397,(anonymous_38)
FN:415,(anonymous_39)
FN:422,(anonymous_40)
FN:431,(anonymous_41)
FN:438,(anonymous_42)
FN:450,(anonymous_43)
FN:457,(anonymous_44)
FN:467,(anonymous_45)
FN:482,(anonymous_46)
FN:523,(anonymous_47)
FN:530,(anonymous_48)
FN:554,(anonymous_49)
FN:562,(anonymous_50)
FN:568,(anonymous_51)
FN:577,(anonymous_52)
FN:590,(anonymous_53)
FN:611,(anonymous_54)
FN:615,(anonymous_55)
FN:617,(anonymous_56)
FN:618,(anonymous_57)
FN:640,(anonymous_58)
FN:672,(anonymous_59)
FN:695,(anonymous_60)
FN:703,(anonymous_61)
FN:709,(anonymous_62)
FN:714,(anonymous_63)
FN:729,(anonymous_64)
FN:739,(anonymous_65)
FN:756,(anonymous_66)
FN:792,(anonymous_67)
FN:799,(anonymous_68)
FN:834,(anonymous_69)
FN:854,(anonymous_70)
FN:857,(anonymous_71)
FN:864,(anonymous_72)
FN:880,(anonymous_73)
FN:887,(anonymous_74)
FN:896,(anonymous_75)
FN:909,(anonymous_76)
FN:919,(anonymous_77)
FN:927,(anonymous_78)
FN:936,(anonymous_79)
FN:941,(anonymous_80)
FN:953,(anonymous_81)
FN:966,(anonymous_82)
FN:984,(anonymous_83)
FN:997,(anonymous_84)
FN:1005,(anonymous_85)
FN:1018,(anonymous_86)
FN:1029,(anonymous_87)
FN:1051,(anonymous_88)
FN:1074,(anonymous_89)
FN:1083,(anonymous_90)
FN:1107,(anonymous_91)
FN:1118,(anonymous_92)
FN:1127,(anonymous_93)
FN:1143,(anonymous_94)
FN:1152,(anonymous_95)
FN:1161,(anonymous_96)
FN:1180,(anonymous_97)
FN:1188,(anonymous_98)
FN:1189,(anonymous_99)
FN:1193,(anonymous_100)
FNF:101
FNH:0
FNDA:0,(anonymous_0)
FNDA:0,(anonymous_1)
FNDA:0,(anonymous_2)
FNDA:0,(anonymous_3)
FNDA:0,(anonymous_4)
FNDA:0,(anonymous_5)
FNDA:0,(anonymous_6)
FNDA:0,(anonymous_7)
FNDA:0,(anonymous_8)
FNDA:0,(anonymous_9)
FNDA:0,(anonymous_10)
FNDA:0,(anonymous_11)
FNDA:0,(anonymous_12)
FNDA:0,(anonymous_13)
FNDA:0,(anonymous_14)
FNDA:0,(anonymous_15)
FNDA:0,(anonymous_16)
FNDA:0,(anonymous_17)
FNDA:0,(anonymous_18)
FNDA:0,(anonymous_19)
FNDA:0,(anonymous_20)
FNDA:0,(anonymous_21)
FNDA:0,(anonymous_22)
FNDA:0,(anonymous_23)
FNDA:0,(anonymous_24)
FNDA:0,(anonymous_25)
FNDA:0,(anonymous_26)
FNDA:0,(anonymous_27)
FNDA:0,(anonymous_28)
FNDA:0,(anonymous_29)
FNDA:0,(anonymous_30)
FNDA:0,(anonymous_31)
FNDA:0,(anonymous_32)
FNDA:0,(anonymous_33)
FNDA:0,(anonymous_34)
FNDA:0,(anonymous_35)
FNDA:0,(anonymous_36)
FNDA:0,(anonymous_37)
FNDA:0,(anonymous_38)
FNDA:0,(anonymous_39)
FNDA:0,(anonymous_40)
FNDA:0,(anonymous_41)
FNDA:0,(anonymous_42)
FNDA:0,(anonymous_43)
FNDA:0,(anonymous_44)
FNDA:0,(anonymous_45)
FNDA:0,(anonymous_46)
FNDA:0,(anonymous_47)
FNDA:0,(anonymous_48)
FNDA:0,(anonymous_49)
FNDA:0,(anonymous_50)
FNDA:0,(anonymous_51)
FNDA:0,(anonymous_52)
FNDA:0,(anonymous_53)
FNDA:0,(anonymous_54)
FNDA:0,(anonymous_55)
FNDA:0,(anonymous_56)
FNDA:0,(anonymous_57)
FNDA:0,(anonymous_58)
FNDA:0,(anonymous_59)
FNDA:0,(anonymous_60)
FNDA:0,(anonymous_61)
FNDA:0,(anonymous_62)
FNDA:0,(anonymous_63)
FNDA:0,(anonymous_64)
FNDA:0,(anonymous_65)
FNDA:0,(anonymous_66)
FNDA:0,(anonymous_67)
FNDA:0,(anonymous_68)
FNDA:0,(anonymous_69)
FNDA:0,(anonymous_70)
FNDA:0,(anonymous_71)
FNDA:0,(anonymous_72)
FNDA:0,(anonymous_73)
FNDA:0,(anonymous_74)
FNDA:0,(anonymous_75)
FNDA:0,(anonymous_76)
FNDA:0,(anonymous_77)
FNDA:0,(anonymous_78)
FNDA:0,(anonymous_79)
FNDA:0,(anonymous_80)
FNDA:0,(anonymous_81)
FNDA:0,(anonymous_82)
FNDA:0,(anonymous_83)
FNDA:0,(anonymous_84)
FNDA:0,(anonymous_85)
FNDA:0,(anonymous_86)
FNDA:0,(anonymous_87)
FNDA:0,(anonymous_88)
FNDA:0,(anonymous_89)
FNDA:0,(anonymous_90)
FNDA:0,(anonymous_91)
FNDA:0,(anonymous_92)
FNDA:0,(anonymous_93)
FNDA:0,(anonymous_94)
FNDA:0,(anonymous_95)
FNDA:0,(anonymous_96)
FNDA:0,(anonymous_97)
FNDA:0,(anonymous_98)
FNDA:0,(anonymous_99)
FNDA:0,(anonymous_100)
DA:2,2
DA:3,2
DA:4,2
DA:5,2
DA:6,2
DA:7,2
DA:8,2
DA:9,2
DA:10,2
DA:11,2
DA:12,2
DA:15,2
DA:16,0
DA:17,0
DA:18,0
DA:19,0
DA:20,0
DA:23,0
DA:26,2
DA:27,0
DA:28,0
DA:35,0
DA:36,0
DA:37,0
DA:39,0
DA:45,2
DA:46,0
DA:47,0
DA:54,0
DA:55,0
DA:56,0
DA:58,0
DA:64,2
DA:65,0
DA:66,0
DA:67,0
DA:68,0
DA:70,0
DA:71,0
DA:72,0
DA:73,0
DA:74,0
DA:76,0
DA:81,2
DA:82,0
DA:83,0
DA:84,0
DA:85,0
DA:88,0
DA:90,2
DA:91,0
DA:92,0
DA:93,0
DA:94,0
DA:97,0
DA:100,2
DA:101,0
DA:102,0
DA:103,0
DA:105,0
DA:106,0
DA:107,0
DA:108,0
DA:109,0
DA:110,0
DA:111,0
DA:113,0
DA:114,0
DA:116,0
DA:117,0
DA:126,2
DA:128,0
DA:129,0
DA:130,0
DA:131,0
DA:132,0
DA:133,0
DA:134,0
DA:136,0
DA:137,0
DA:138,0
DA:139,0
DA:140,0
DA:141,0
DA:143,0
DA:144,0
DA:145,0
DA:146,0
DA:147,0
DA:149,0
DA:150,0
DA:153,0
DA:154,0
DA:159,0
DA:160,0
DA:179,0
DA:180,0
DA:181,0
DA:186,0
DA:187,0
DA:188,0
DA:189,0
DA:190,0
DA:191,0
DA:192,0
DA:193,0
DA:198,0
DA:199,0
DA:204,0
DA:209,0
DA:213,0
DA:214,0
DA:216,0
DA:219,0
DA:225,2
DA:226,0
DA:227,0
DA:228,0
DA:230,0
DA:231,0
DA:232,0
DA:233,0
DA:234,0
DA:235,0
DA:236,0
DA:238,0
DA:239,0
DA:240,0
DA:241,0
DA:242,0
DA:243,0
DA:245,0
DA:251,0
DA:252,0
DA:254,0
DA:262,0
DA:263,0
DA:264,0
DA:265,0
DA:266,0
DA:268,0
DA:269,0
DA:270,0
DA:275,0
DA:280,0
DA:290,2
DA:291,0
DA:292,0
DA:293,0
DA:294,0
DA:295,0
DA:297,0
DA:298,0
DA:299,0
DA:300,0
DA:301,0
DA:303,0
DA:307,2
DA:308,0
DA:309,0
DA:310,0
DA:312,0
DA:313,0
DA:314,0
DA:315,0
DA:316,0
DA:317,0
DA:319,0
DA:320,0
DA:321,0
DA:322,0
DA:323,0
DA:324,0
DA:326,0
DA:327,0
DA:328,0
DA:333,0
DA:336,0
DA:337,0
DA:338,0
DA:339,0
DA:340,0
DA:341,0
DA:343,0
DA:349,0
DA:350,0
DA:352,0
DA:353,0
DA:354,0
DA:355,0
DA:356,0
DA:357,0
DA:359,0
DA:360,0
DA:361,0
DA:362,0
DA:367,0
DA:372,0
DA:379,0
DA:385,0
DA:386,0
DA:387,0
DA:388,0
DA:391,0
DA:392,0
DA:393,0
DA:394,0
DA:395,0
DA:397,0
DA:398,0
DA:399,0
DA:400,0
DA:405,0
DA:415,2
DA:416,0
DA:417,0
DA:418,0
DA:420,0
DA:421,0
DA:422,0
DA:423,0
DA:424,0
DA:425,0
DA:427,0
DA:431,2
DA:432,0
DA:433,0
DA:434,0
DA:436,0
DA:437,0
DA:438,0
DA:439,0
DA:440,0
DA:441,0
DA:443,0
DA:450,2
DA:451,0
DA:452,0
DA:453,0
DA:454,0
DA:455,0
DA:457,0
DA:458,0
DA:459,0
DA:460,0
DA:461,0
DA:463,0
DA:467,2
DA:468,0
DA:469,0
DA:470,0
DA:471,0
DA:472,0
DA:474,0
DA:475,0
DA:477,0
DA:478,0
DA:483,0
DA:484,0
DA:485,0
DA:487,0
DA:488,0
DA:489,0
DA:490,0
DA:495,0
DA:496,0
DA:497,0
DA:498,0
DA:499,0
DA:500,0
DA:509,0
DA:518,0
DA:519,0
DA:520,0
DA:521,0
DA:522,0
DA:523,0
DA:524,0
DA:525,0
DA:530,0
DA:531,0
DA:532,0
DA:537,0
DA:542,0
DA:554,2
DA:555,0
DA:556,0
DA:557,0
DA:558,0
DA:559,0
DA:561,0
DA:562,0
DA:563,0
DA:564,0
DA:565,0
DA:566,0
DA:568,0
DA:569,0
DA:570,0
DA:575,0
DA:576,0
DA:577,0
DA:578,0
DA:579,0
DA:584,0
DA:590,2
DA:591,0
DA:592,0
DA:593,0
DA:595,0
DA:596,0
DA:597,0
DA:598,0
DA:600,0
DA:601,0
DA:603,0
DA:604,0
DA:605,0
DA:606,0
DA:607,0
DA:608,0
DA:609,0
DA:611,0
DA:612,0
DA:613,0
DA:615,0
DA:616,0
DA:617,0
DA:618,0
DA:619,0
DA:620,0
DA:621,0
DA:622,0
DA:623,0
DA:624,0
DA:625,0
DA:626,0
DA:627,0
DA:628,0
DA:629,0
DA:630,0
DA:631,0
DA:640,0
DA:641,0
DA:642,0
DA:643,0
DA:648,0
DA:649,0
DA:650,0
DA:651,0
DA:652,0
DA:653,0
DA:662,0
DA:671,0
DA:672,0
DA:673,0
DA:674,0
DA:675,0
DA:680,0
DA:689,0
DA:695,2
DA:696,0
DA:697,0
DA:700,0
DA:701,0
DA:702,0
DA:703,0
DA:704,0
DA:705,0
DA:706,0
DA:707,0
DA:709,0
DA:710,0
DA:715,0
DA:716,0
DA:717,0
DA:719,0
DA:723,0
DA:730,0
DA:731,0
DA:732,0
DA:734,0
DA:739,2
DA:740,0
DA:741,0
DA:743,0
DA:744,0
DA:745,0
DA:746,0
DA:747,0
DA:748,0
DA:749,0
DA:754,0
DA:755,0
DA:756,0
DA:757,0
DA:758,0
DA:759,0
DA:761,0
DA:762,0
DA:763,0
DA:764,0
DA:766,0
DA:767,0
DA:768,0
DA:769,0
DA:770,0
DA:771,0
DA:772,0
DA:773,0
DA:778,0
DA:779,0
DA:780,0
DA:782,0
DA:783,0
DA:784,0
DA:793,0
DA:794,0
DA:796,0
DA:797,0
DA:798,0
DA:800,0
DA:801,0
DA:805,0
DA:806,0
DA:809,0
DA:810,0
DA:835,0
DA:838,0
DA:840,0
DA:845,0
DA:851,0
DA:853,0
DA:854,0
DA:855,0
DA:856,0
DA:857,0
DA:858,0
DA:859,0
DA:864,0
DA:865,0
DA:866,0
DA:867,0
DA:869,0
DA:875,0
DA:876,0
DA:880,2
DA:881,0
DA:882,0
DA:883,0
DA:884,0
DA:885,0
DA:887,0
DA:888,0
DA:889,0
DA:890,0
DA:891,0
DA:893,0
DA:896,2
DA:897,0
DA:898,0
DA:899,0
DA:900,0
DA:901,0
DA:902,0
DA:904,0
DA:910,0
DA:911,0
DA:912,0
DA:914,0
DA:919,2
DA:920,0
DA:921,0
DA:923,0
DA:924,0
DA:925,0
DA:926,0
DA:927,0
DA:928,0
DA:929,0
DA:930,0
DA:931,0
DA:933,0
DA:934,0
DA:935,0
DA:936,0
DA:937,0
DA:938,0
DA:939,0
DA:941,0
DA:942,0
DA:943,0
DA:944,0
DA:946,0
DA:953,2
DA:954,0
DA:955,0
DA:957,0
DA:958,0
DA:959,0
DA:960,0
DA:961,0
DA:962,0
DA:963,0
DA:964,0
DA:966,0
DA:967,0
DA:968,0
DA:969,0
DA:970,0
DA:972,0
DA:973,0
DA:974,0
DA:975,0
DA:976,0
DA:977,0
DA:978,0
DA:979,0
DA:980,0
DA:981,0
DA:982,0
DA:983,0
DA:984,0
DA:985,0
DA:986,0
DA:987,0
DA:988,0
DA:993,0
DA:997,2
DA:998,0
DA:999,0
DA:1000,0
DA:1002,0
DA:1003,0
DA:1004,0
DA:1005,0
DA:1006,0
DA:1007,0
DA:1008,0
DA:1010,0
DA:1018,2
DA:1020,0
DA:1021,0
DA:1023,0
DA:1024,0
DA:1025,0
DA:1026,0
DA:1027,0
DA:1028,0
DA:1029,0
DA:1030,0
DA:1031,0
DA:1032,0
DA:1034,0
DA:1035,0
DA:1039,0
DA:1040,0
DA:1041,0
DA:1042,0
DA:1045,0
DA:1046,0
DA:1047,0
DA:1048,0
DA:1049,0
DA:1050,0
DA:1051,0
DA:1052,0
DA:1053,0
DA:1054,0
DA:1059,0
DA:1065,0
DA:1074,2
DA:1075,0
DA:1076,0
DA:1078,0
DA:1079,0
DA:1080,0
DA:1081,0
DA:1082,0
DA:1083,0
DA:1084,0
DA:1085,0
DA:1086,0
DA:1088,0
DA:1089,0
DA:1090,0
DA:1091,0
DA:1092,0
DA:1093,0
DA:1094,0
DA:1095,0
DA:1099,0
DA:1100,0
DA:1102,0
DA:1104,0
DA:1105,0
DA:1107,0
DA:1108,0
DA:1109,0
DA:1111,0
DA:1112,0
DA:1118,2
DA:1119,0
DA:1120,0
DA:1122,0
DA:1123,0
DA:1124,0
DA:1125,0
DA:1127,0
DA:1128,0
DA:1129,0
DA:1130,0
DA:1131,0
DA:1133,0
DA:1134,0
DA:1135,0
DA:1136,0
DA:1139,0
DA:1140,0
DA:1142,0
DA:1143,0
DA:1144,0
DA:1145,0
DA:1147,0
DA:1152,2
DA:1153,0
DA:1154,0
DA:1156,0
DA:1157,0
DA:1158,0
DA:1159,0
DA:1161,0
DA:1162,0
DA:1163,0
DA:1164,0
DA:1165,0
DA:1167,0
DA:1168,0
DA:1169,0
DA:1170,0
DA:1173,0
DA:1174,0
DA:1176,0
DA:1177,0
DA:1178,0
DA:1179,0
DA:1180,0
DA:1181,0
DA:1182,0
DA:1183,0
DA:1185,0
DA:1186,0
DA:1187,0
DA:1188,0
DA:1189,0
DA:1190,0
DA:1191,0
DA:1193,0
DA:1194,0
DA:1195,0
DA:1200,0
LF:661
LH:39
BRDA:19,0,0,0
BRDA:19,0,1,0
BRDA:35,1,0,0
BRDA:35,1,1,0
BRDA:35,2,0,0
BRDA:35,2,1,0
BRDA:54,3,0,0
BRDA:54,3,1,0
BRDA:54,4,0,0
BRDA:54,4,1,0
BRDA:67,5,0,0
BRDA:67,5,1,0
BRDA:72,6,0,0
BRDA:72,6,1,0
BRDA:84,7,0,0
BRDA:84,7,1,0
BRDA:93,8,0,0
BRDA:93,8,1,0
BRDA:102,9,0,0
BRDA:102,9,1,0
BRDA:109,10,0,0
BRDA:109,10,1,0
BRDA:133,11,0,0
BRDA:133,11,1,0
BRDA:138,12,0,0
BRDA:138,12,1,0
BRDA:146,13,0,0
BRDA:146,13,1,0
BRDA:149,14,0,0
BRDA:149,14,1,0
BRDA:153,15,0,0
BRDA:153,15,1,0
BRDA:179,16,0,0
BRDA:179,16,1,0
BRDA:179,17,0,0
BRDA:179,17,1,0
BRDA:193,18,0,0
BRDA:193,18,1,0
BRDA:194,19,0,0
BRDA:194,19,1,0
BRDA:194,19,2,0
BRDA:199,20,0,0
BRDA:199,20,1,0
BRDA:200,21,0,0
BRDA:200,21,1,0
BRDA:200,21,2,0
BRDA:213,22,0,0
BRDA:213,22,1,0
BRDA:235,23,0,0
BRDA:235,23,1,0
BRDA:240,24,0,0
BRDA:240,24,1,0
BRDA:251,25,0,0
BRDA:251,25,1,0
BRDA:251,26,0,0
BRDA:251,26,1,0
BRDA:265,27,0,0
BRDA:265,27,1,0
BRDA:269,28,0,0
BRDA:269,28,1,0
BRDA:294,29,0,0
BRDA:294,29,1,0
BRDA:298,30,0,0
BRDA:298,30,1,0
BRDA:316,31,0,0
BRDA:316,31,1,0
BRDA:321,32,0,0
BRDA:321,32,1,0
BRDA:328,33,0,0
BRDA:328,33,1,0
BRDA:329,34,0,0
BRDA:329,34,1,0
BRDA:329,34,2,0
BRDA:339,35,0,0
BRDA:339,35,1,0
BRDA:349,36,0,0
BRDA:349,36,1,0
BRDA:355,37,0,0
BRDA:355,37,1,0
BRDA:355,38,0,0
BRDA:355,38,1,0
BRDA:360,39,0,0
BRDA:360,39,1,0
BRDA:387,40,0,0
BRDA:387,40,1,0
BRDA:393,41,0,0
BRDA:393,41,1,0
BRDA:393,42,0,0
BRDA:393,42,1,0
BRDA:398,43,0,0
BRDA:398,43,1,0
BRDA:417,44,0,0
BRDA:417,44,1,0
BRDA:423,45,0,0
BRDA:423,45,1,0
BRDA:433,46,0,0
BRDA:433,46,1,0
BRDA:439,47,0,0
BRDA:439,47,1,0
BRDA:454,48,0,0
BRDA:454,48,1,0
BRDA:458,49,0,0
BRDA:458,49,1,0
BRDA:471,50,0,0
BRDA:471,50,1,0
BRDA:474,51,0,0
BRDA:474,51,1,0
BRDA:483,52,0,0
BRDA:483,52,1,0
BRDA:483,53,0,0
BRDA:483,53,1,0
BRDA:488,54,0,0
BRDA:488,54,1,0
BRDA:524,55,0,0
BRDA:524,55,1,0
BRDA:531,56,0,0
BRDA:531,56,1,0
BRDA:558,57,0,0
BRDA:558,57,1,0
BRDA:563,58,0,0
BRDA:563,58,1,0
BRDA:569,59,0,0
BRDA:569,59,1,0
BRDA:578,60,0,0
BRDA:578,60,1,0
BRDA:592,61,0,0
BRDA:592,61,1,0
BRDA:597,62,0,0
BRDA:597,62,1,0
BRDA:600,63,0,0
BRDA:600,63,1,0
BRDA:606,64,0,0
BRDA:606,64,1,0
BRDA:612,65,0,0
BRDA:612,65,1,0
BRDA:612,66,0,0
BRDA:612,66,1,0
BRDA:616,67,0,0
BRDA:616,67,1,0
BRDA:641,68,0,0
BRDA:641,68,1,0
BRDA:673,69,0,0
BRDA:673,69,1,0
BRDA:696,70,0,0
BRDA:696,70,1,0
BRDA:704,71,0,0
BRDA:704,71,1,0
BRDA:715,72,0,0
BRDA:715,72,1,0
BRDA:715,73,0,0
BRDA:715,73,1,0
BRDA:730,74,0,0
BRDA:730,74,1,0
BRDA:740,75,0,0
BRDA:740,75,1,0
BRDA:747,76,0,0
BRDA:747,76,1,0
BRDA:754,77,0,0
BRDA:754,77,1,0
BRDA:757,78,0,0
BRDA:757,78,1,0
BRDA:757,79,0,0
BRDA:757,79,1,0
BRDA:762,80,0,0
BRDA:762,80,1,0
BRDA:767,81,0,0
BRDA:767,81,1,0
BRDA:771,82,0,0
BRDA:771,82,1,0
BRDA:800,83,0,0
BRDA:800,83,1,0
BRDA:805,84,0,0
BRDA:805,84,1,0
BRDA:847,85,0,0
BRDA:847,85,1,0
BRDA:858,86,0,0
BRDA:858,86,1,0
BRDA:865,87,0,0
BRDA:865,87,1,0
BRDA:884,88,0,0
BRDA:884,88,1,0
BRDA:888,89,0,0
BRDA:888,89,1,0
BRDA:901,90,0,0
BRDA:901,90,1,0
BRDA:910,91,0,0
BRDA:910,91,1,0
BRDA:910,92,0,0
BRDA:910,92,1,0
BRDA:920,93,0,0
BRDA:920,93,1,0
BRDA:928,94,0,0
BRDA:928,94,1,0
BRDA:937,95,0,0
BRDA:937,95,1,0
BRDA:943,96,0,0
BRDA:943,96,1,0
BRDA:954,97,0,0
BRDA:954,97,1,0
BRDA:967,98,0,0
BRDA:967,98,1,0
BRDA:986,99,0,0
BRDA:986,99,1,0
BRDA:999,100,0,0
BRDA:999,100,1,0
BRDA:1006,101,0,0
BRDA:1006,101,1,0
BRDA:1020,102,0,0
BRDA:1020,102,1,0
BRDA:1030,103,0,0
BRDA:1030,103,1,0
BRDA:1035,104,0,0
BRDA:1035,104,1,0
BRDA:1036,105,0,0
BRDA:1036,105,1,0
BRDA:1041,106,0,0
BRDA:1041,106,1,0
BRDA:1045,107,0,0
BRDA:1045,107,1,0
BRDA:1052,108,0,0
BRDA:1052,108,1,0
BRDA:1075,109,0,0
BRDA:1075,109,1,0
BRDA:1084,110,0,0
BRDA:1084,110,1,0
BRDA:1091,111,0,0
BRDA:1091,111,1,0
BRDA:1094,112,0,0
BRDA:1094,112,1,0
BRDA:1099,113,0,0
BRDA:1099,113,1,0
BRDA:1104,114,0,0
BRDA:1104,114,1,0
BRDA:1104,115,0,0
BRDA:1104,115,1,0
BRDA:1108,116,0,0
BRDA:1108,116,1,0
BRDA:1119,117,0,0
BRDA:1119,117,1,0
BRDA:1128,118,0,0
BRDA:1128,118,1,0
BRDA:1135,119,0,0
BRDA:1135,119,1,0
BRDA:1139,120,0,0
BRDA:1139,120,1,0
BRDA:1144,121,0,0
BRDA:1144,121,1,0
BRDA:1153,122,0,0
BRDA:1153,122,1,0
BRDA:1162,123,0,0
BRDA:1162,123,1,0
BRDA:1169,124,0,0
BRDA:1169,124,1,0
BRDA:1173,125,0,0
BRDA:1173,125,1,0
BRDA:1181,126,0,0
BRDA:1181,126,1,0
BRDA:1190,127,0,0
BRDA:1190,127,1,0
BRDA:1194,128,0,0
BRDA:1194,128,1,0
BRF:261
BRH:0
end_of_record
TN:
SF:/Users/ze0tron/scrimUp/scrimUp-backend/api/models/allHours.js
FNF:0
FNH:0
DA:1,2
DA:2,2
DA:4,2
LF:3
LH:3
BRF:0
BRH:0
end_of_record
TN:
SF:/Users/ze0tron/scrimUp/scrimUp-backend/api/models/allowedGame.js
FNF:0
FNH:0
DA:1,2
DA:2,2
DA:4,2
DA:7,2
LF:4
LH:4
BRF:0
BRH:0
end_of_record
TN:
SF:/Users/ze0tron/scrimUp/scrimUp-backend/api/models/availability.js
FNF:0
FNH:0
DA:1,2
DA:2,2
DA:4,2
LF:3
LH:3
BRF:0
BRH:0
end_of_record
TN:
SF:/Users/ze0tron/scrimUp/scrimUp-backend/api/models/challenge.js
FNF:0
FNH:0
DA:1,2
DA:2,2
DA:3,2
DA:5,2
LF:4
LH:4
BRF:0
BRH:0
end_of_record
TN:
SF:/Users/ze0tron/scrimUp/scrimUp-backend/api/models/event.js
FNF:0
FNH:0
DA:1,2
DA:2,2
DA:4,2
LF:3
LH:3
BRF:0
BRH:0
end_of_record
TN:
SF:/Users/ze0tron/scrimUp/scrimUp-backend/api/models/game.js
FNF:0
FNH:0
DA:1,2
DA:2,2
DA:4,2
LF:3
LH:3
BRF:0
BRH:0
end_of_record
TN:
SF:/Users/ze0tron/scrimUp/scrimUp-backend/api/models/member.js
FNF:0
FNH:0
DA:1,2
DA:2,2
DA:4,2
LF:3
LH:3
BRF:0
BRH:0
end_of_record
TN:
SF:/Users/ze0tron/scrimUp/scrimUp-backend/api/models/request.js
FNF:0
FNH:0
DA:1,0
DA:2,0
DA:3,0
LF:3
LH:0
BRF:0
BRH:0
end_of_record
TN:
SF:/Users/ze0tron/scrimUp/scrimUp-backend/api/models/schemas.js
FNF:0
FNH:0
DA:1,2
DA:2,2
DA:3,2
DA:7,2
DA:34,2
DA:44,2
DA:52,2
DA:59,2
DA:69,2
DA:74,2
DA:82,2
DA:90,2
DA:98,2
DA:121,2
DA:122,2
DA:123,2
DA:124,2
DA:125,2
DA:126,2
DA:127,2
DA:128,2
DA:129,2
DA:130,2
LF:23
LH:23
BRF:0
BRH:0
end_of_record
TN:
SF:/Users/ze0tron/scrimUp/scrimUp-backend/api/models/team.js
FN:6,(anonymous_0)
FN:17,(anonymous_1)
FN:27,(anonymous_2)
FN:54,(anonymous_3)
FN:56,(anonymous_4)
FN:64,(anonymous_5)
FN:73,(anonymous_6)
FN:75,(anonymous_7)
FN:128,(anonymous_8)
FN:129,(anonymous_9)
FN:141,(anonymous_10)
FN:145,(anonymous_11)
FN:211,(anonymous_12)
FN:238,(anonymous_13)
FN:241,(anonymous_14)
FN:242,(anonymous_15)
FN:253,(anonymous_16)
FN:254,(anonymous_17)
FN:258,(anonymous_18)
FN:266,(anonymous_19)
FNF:20
FNH:0
FNDA:0,(anonymous_0)
FNDA:0,(anonymous_1)
FNDA:0,(anonymous_2)
FNDA:0,(anonymous_3)
FNDA:0,(anonymous_4)
FNDA:0,(anonymous_5)
FNDA:0,(anonymous_6)
FNDA:0,(anonymous_7)
FNDA:0,(anonymous_8)
FNDA:0,(anonymous_9)
FNDA:0,(anonymous_10)
FNDA:0,(anonymous_11)
FNDA:0,(anonymous_12)
FNDA:0,(anonymous_13)
FNDA:0,(anonymous_14)
FNDA:0,(anonymous_15)
FNDA:0,(anonymous_16)
FNDA:0,(anonymous_17)
FNDA:0,(anonymous_18)
FNDA:0,(anonymous_19)
DA:1,2
DA:2,2
DA:3,2
DA:4,2
DA:5,2
DA:6,2
DA:7,0
DA:9,0
DA:10,0
DA:11,0
DA:14,0
DA:17,2
DA:18,0
DA:19,0
DA:28,0
DA:29,0
DA:30,0
DA:55,0
DA:56,0
DA:57,0
DA:58,0
DA:61,0
DA:64,0
DA:65,0
DA:66,0
DA:67,0
DA:69,0
DA:73,2
DA:75,0
DA:76,0
DA:78,0
DA:79,0
DA:81,0
DA:90,0
DA:91,0
DA:92,0
DA:93,0
DA:94,0
DA:96,0
DA:100,0
DA:101,0
DA:126,0
DA:127,0
DA:128,0
DA:129,0
DA:130,0
DA:131,0
DA:132,0
DA:134,0
DA:135,0
DA:141,0
DA:142,0
DA:145,0
DA:147,0
DA:148,0
DA:149,0
DA:150,0
DA:151,0
DA:152,0
DA:153,0
DA:156,0
DA:158,0
DA:159,0
DA:160,0
DA:161,0
DA:162,0
DA:164,0
DA:167,0
DA:169,0
DA:170,0
DA:171,0
DA:174,0
DA:183,0
DA:189,0
DA:196,0
DA:197,0
DA:198,0
DA:199,0
DA:200,0
DA:201,0
DA:209,0
DA:211,0
DA:212,0
DA:213,0
DA:214,0
DA:216,0
DA:238,2
DA:239,0
DA:241,2
DA:242,0
DA:243,0
DA:245,0
DA:246,0
DA:247,0
DA:249,0
DA:253,2
DA:254,0
DA:255,0
DA:256,0
DA:257,0
DA:258,0
DA:259,0
DA:260,0
DA:266,0
DA:270,0
DA:271,0
DA:273,0
DA:274,0
DA:279,0
DA:280,0
DA:282,0
DA:286,0
DA:291,0
DA:295,2
LF:114
LH:12
BRDA:10,0,0,0
BRDA:10,0,1,0
BRDA:57,1,0,0
BRDA:57,1,1,0
BRDA:65,2,0,0
BRDA:65,2,1,0
BRDA:93,3,0,0
BRDA:93,3,1,0
BRDA:131,4,0,0
BRDA:131,4,1,0
BRDA:134,5,0,0
BRDA:134,5,1,0
BRDA:154,6,0,0
BRDA:154,6,1,0
BRDA:157,7,0,0
BRDA:157,7,1,0
BRDA:160,8,0,0
BRDA:160,8,1,0
BRDA:161,9,0,0
BRDA:161,9,1,0
BRDA:165,10,0,0
BRDA:165,10,1,0
BRDA:169,11,0,0
BRDA:169,11,1,0
BRDA:170,12,0,0
BRDA:170,12,1,0
BRDA:172,13,0,0
BRDA:172,13,1,0
BRDA:191,14,0,0
BRDA:191,14,1,0
BRDA:212,15,0,0
BRDA:212,15,1,0
BRDA:259,16,0,0
BRDA:259,16,1,0
BRDA:274,17,0,0
BRDA:274,17,1,0
BRDA:279,18,0,0
BRDA:279,18,1,0
BRF:38
BRH:0
end_of_record
TN:
SF:/Users/ze0tron/scrimUp/scrimUp-backend/api/models/user.js
FN:14,(anonymous_0)
FN:15,(anonymous_1)
FN:16,(anonymous_2)
FN:18,(anonymous_3)
FN:30,(anonymous_4)
FN:31,(anonymous_5)
FN:32,(anonymous_6)
FNF:7
FNH:7
FNDA:16,(anonymous_0)
FNDA:16,(anonymous_1)
FNDA:16,(anonymous_2)
FNDA:16,(anonymous_3)
FNDA:16,(anonymous_4)
FNDA:16,(anonymous_5)
FNDA:16,(anonymous_6)
DA:1,2
DA:2,2
DA:8,2
DA:14,2
DA:15,16
DA:16,16
DA:17,16
DA:18,16
DA:19,16
DA:20,16
DA:30,2
DA:31,16
DA:32,16
DA:33,16
DA:34,16
DA:35,0
DA:40,2
LF:17
LH:16
BRDA:17,0,0,0
BRDA:17,0,1,16
BRDA:19,1,0,0
BRDA:19,1,1,16
BRDA:33,2,0,0
BRDA:33,2,1,16
BRDA:34,3,0,16
BRDA:34,3,1,0
BRF:8
BRH:4
end_of_record
TN:
SF:/Users/ze0tron/scrimUp/scrimUp-backend/api/routes/account.js
FNF:0
FNH:0
DA:1,2
DA:2,2
DA:4,2
DA:5,2
DA:7,2
DA:11,2
DA:12,0
DA:17,2
DA:22,2
DA:26,2
DA:30,2
DA:34,2
DA:38,2
DA:42,2
DA:46,2
DA:50,2
DA:54,2
DA:58,2
DA:62,2
DA:66,2
DA:71,2
LF:21
LH:20
BRDA:11,0,0,0
BRDA:11,0,1,2
BRF:2
BRH:1
end_of_record
TN:
SF:/Users/ze0tron/scrimUp/scrimUp-backend/api/routes/auth.js
FNF:0
FNH:0
DA:1,2
DA:3,2
DA:4,2
LF:3
LH:3
BRF:0
BRH:0
end_of_record
TN:
SF:/Users/ze0tron/scrimUp/scrimUp-backend/api/routes/index.js
FN:13,(anonymous_0)
FNF:1
FNH:0
FNDA:0,(anonymous_0)
DA:1,2
DA:3,2
DA:5,2
DA:7,2
DA:9,2
DA:11,2
DA:13,2
DA:15,2
DA:16,2
DA:17,2
DA:18,2
DA:19,2
LF:12
LH:12
BRF:0
BRH:0
end_of_record
TN:
SF:/Users/ze0tron/scrimUp/scrimUp-backend/api/routes/main.js
FNF:0
FNH:0
DA:1,2
DA:2,2
DA:5,2
DA:7,2
DA:12,2
LF:5
LH:5
BRF:0
BRH:0
end_of_record
TN:
SF:/Users/ze0tron/scrimUp/scrimUp-backend/api/routes/team.js
FNF:0
FNH:0
DA:1,2
DA:2,2
DA:4,2
DA:5,2
DA:9,2
DA:13,2
DA:17,2
DA:21,2
DA:25,2
DA:29,2
DA:33,2
DA:37,2
DA:41,2
DA:45,2
DA:49,2
DA:53,2
DA:57,2
DA:61,2
DA:65,2
DA:69,2
DA:73,2
DA:77,2
DA:81,2
DA:85,2
DA:89,2
DA:93,2
DA:98,2
LF:27
LH:27
BRF:0
BRH:0
end_of_record
TN:
SF:/Users/ze0tron/scrimUp/scrimUp-backend/api/utils/clearAvailability.js
FN:4,(anonymous_0)
FN:22,(anonymous_1)
FN:29,(anonymous_2)
FN:35,(anonymous_3)
FN:41,(anonymous_4)
FN:42,(anonymous_5)
FN:67,(anonymous_6)
FN:72,(anonymous_7)
FN:86,(anonymous_8)
FN:103,(anonymous_9)
FN:122,(anonymous_10)
FN:132,(anonymous_11)
FN:150,(anonymous_12)
FN:169,(anonymous_13)
FNF:14
FNH:0
FNDA:0,(anonymous_0)
FNDA:0,(anonymous_1)
FNDA:0,(anonymous_2)
FNDA:0,(anonymous_3)
FNDA:0,(anonymous_4)
FNDA:0,(anonymous_5)
FNDA:0,(anonymous_6)
FNDA:0,(anonymous_7)
FNDA:0,(anonymous_8)
FNDA:0,(anonymous_9)
FNDA:0,(anonymous_10)
FNDA:0,(anonymous_11)
FNDA:0,(anonymous_12)
FNDA:0,(anonymous_13)
DA:1,0
DA:2,0
DA:3,0
DA:4,0
DA:5,0
DA:6,0
DA:7,0
DA:16,0
DA:17,0
DA:18,0
DA:19,0
DA:20,0
DA:21,0
DA:22,0
DA:23,0
DA:24,0
DA:25,0
DA:27,0
DA:29,0
DA:30,0
DA:31,0
DA:35,0
DA:36,0
DA:37,0
DA:39,0
DA:40,0
DA:41,0
DA:42,0
DA:43,0
DA:67,0
DA:68,0
DA:69,0
DA:73,0
DA:74,0
DA:76,0
DA:77,0
DA:78,0
DA:79,0
DA:82,0
DA:86,0
DA:87,0
DA:88,0
DA:89,0
DA:98,0
DA:99,0
DA:100,0
DA:101,0
DA:102,0
DA:103,0
DA:104,0
DA:105,0
DA:106,0
DA:108,0
DA:109,0
DA:111,0
DA:112,0
DA:114,0
DA:115,0
DA:116,0
DA:117,0
DA:120,0
DA:121,0
DA:122,0
DA:123,0
DA:124,0
DA:132,0
DA:133,0
DA:134,0
DA:135,0
DA:144,0
DA:146,0
DA:147,0
DA:148,0
DA:149,0
DA:150,0
DA:151,0
DA:152,0
DA:153,0
DA:155,0
DA:156,0
DA:158,0
DA:159,0
DA:161,0
DA:162,0
DA:163,0
DA:164,0
DA:167,0
DA:168,0
DA:169,0
DA:170,0
DA:171,0
LF:91
LH:0
BRDA:30,0,0,0
BRDA:30,0,1,0
BRDA:36,1,0,0
BRDA:36,1,1,0
BRDA:73,2,0,0
BRDA:73,2,1,0
BRDA:104,3,0,0
BRDA:104,3,1,0
BRDA:108,4,0,0
BRDA:108,4,1,0
BRDA:116,5,0,0
BRDA:116,5,1,0
BRDA:120,6,0,0
BRDA:120,6,1,0
BRDA:123,7,0,0
BRDA:123,7,1,0
BRDA:151,8,0,0
BRDA:151,8,1,0
BRDA:155,9,0,0
BRDA:155,9,1,0
BRDA:163,10,0,0
BRDA:163,10,1,0
BRDA:167,11,0,0
BRDA:167,11,1,0
BRDA:170,12,0,0
BRDA:170,12,1,0
BRF:26
BRH:0
end_of_record
TN:
SF:/Users/ze0tron/scrimUp/scrimUp-backend/api/utils/emails.js
FN:5,(anonymous_0)
FN:15,(anonymous_1)
FN:23,(anonymous_2)
FN:39,(anonymous_3)
FNF:4
FNH:3
FNDA:1,(anonymous_0)
FNDA:1,(anonymous_1)
FNDA:16,(anonymous_2)
FNDA:0,(anonymous_3)
DA:1,2
DA:2,2
DA:3,2
DA:4,2
DA:5,2
DA:6,1
DA:7,0
DA:9,1
DA:12,2
DA:16,1
DA:17,0
DA:19,1
DA:23,2
DA:24,16
DA:25,0
DA:26,0
DA:36,0
DA:39,2
DA:40,0
DA:41,0
DA:48,0
LF:21
LH:13
BRDA:6,0,0,0
BRDA:6,0,1,1
BRDA:16,1,0,0
BRDA:16,1,1,1
BRDA:24,2,0,0
BRDA:24,2,1,16
BRF:6
BRH:3
end_of_record
TN:
SF:/Users/ze0tron/scrimUp/scrimUp-backend/api/utils/firebase.js
FNF:0
FNH:0
DA:1,2
DA:3,2
DA:5,2
DA:9,2
LF:4
LH:4
BRF:0
BRH:0
end_of_record
TN:
SF:/Users/ze0tron/scrimUp/scrimUp-backend/api/utils/notifications.js
FN:4,(anonymous_0)
FN:8,(anonymous_1)
FN:12,(anonymous_2)
FN:17,(anonymous_3)
FN:18,(anonymous_4)
FN:21,(anonymous_5)
FN:31,(anonymous_6)
FN:32,(anonymous_7)
FN:33,(anonymous_8)
FN:47,(anonymous_9)
FN:49,(anonymous_10)
FN:62,(anonymous_11)
FN:63,(anonymous_12)
FN:75,(anonymous_13)
FN:76,(anonymous_14)
FN:88,(anonymous_15)
FN:89,(anonymous_16)
FN:101,(anonymous_17)
FN:102,(anonymous_18)
FN:114,(anonymous_19)
FN:115,(anonymous_20)
FN:127,(anonymous_21)
FN:128,(anonymous_22)
FNF:23
FNH:0
FNDA:0,(anonymous_0)
FNDA:0,(anonymous_1)
FNDA:0,(anonymous_2)
FNDA:0,(anonymous_3)
FNDA:0,(anonymous_4)
FNDA:0,(anonymous_5)
FNDA:0,(anonymous_6)
FNDA:0,(anonymous_7)
FNDA:0,(anonymous_8)
FNDA:0,(anonymous_9)
FNDA:0,(anonymous_10)
FNDA:0,(anonymous_11)
FNDA:0,(anonymous_12)
FNDA:0,(anonymous_13)
FNDA:0,(anonymous_14)
FNDA:0,(anonymous_15)
FNDA:0,(anonymous_16)
FNDA:0,(anonymous_17)
FNDA:0,(anonymous_18)
FNDA:0,(anonymous_19)
FNDA:0,(anonymous_20)
FNDA:0,(anonymous_21)
FNDA:0,(anonymous_22)
DA:1,2
DA:2,2
DA:4,2
DA:5,0
DA:9,0
DA:13,0
DA:17,2
DA:18,0
DA:19,0
DA:22,0
DA:23,0
DA:24,0
DA:26,0
DA:31,2
DA:32,0
DA:33,0
DA:34,0
DA:42,0
DA:47,2
DA:48,0
DA:49,0
DA:50,0
DA:51,0
DA:58,0
DA:62,2
DA:63,0
DA:64,0
DA:71,0
DA:75,2
DA:76,0
DA:77,0
DA:84,0
DA:88,2
DA:89,0
DA:90,0
DA:97,0
DA:101,2
DA:102,0
DA:103,0
DA:110,0
DA:114,2
DA:115,0
DA:116,0
DA:123,0
DA:127,2
DA:128,0
DA:129,0
DA:136,0
LF:48
LH:12
BRDA:22,0,0,0
BRDA:22,0,1,0
BRF:2
BRH:0
end_of_record
